{"C:\\Users\\yt037\\Desktop\\kaikeba\\projects\\vue-study\\src\\App.vue": {"path":"C:\\Users\\yt037\\Desktop\\kaikeba\\projects\\vue-study\\src\\App.vue","statementMap":{"0":{"start":{"line":12,"column":0},"end":{"line":null,"column":-1}}},"fnMap":{},"branchMap":{},"s":{"0":0},"f":{},"b":{}}
,"C:\\Users\\yt037\\Desktop\\kaikeba\\projects\\vue-study\\src\\krouter.js": {"path":"C:\\Users\\yt037\\Desktop\\kaikeba\\projects\\vue-study\\src\\krouter.js","statementMap":{"0":{"start":{"line":1,"column":0},"end":{"line":null,"column":-1}},"1":{"start":{"line":2,"column":0},"end":{"line":null,"column":-1}},"2":{"start":{"line":3,"column":0},"end":{"line":null,"column":-1}},"3":{"start":{"line":7,"column":4},"end":{"line":null,"column":-1}},"4":{"start":{"line":8,"column":4},"end":{"line":6,"column":23}},"5":{"start":{"line":11,"column":4},"end":{"line":null,"column":-1}},"6":{"start":{"line":19,"column":4},"end":{"line":18,"column":9}},"7":{"start":{"line":20,"column":4},"end":{"line":18,"column":9}},"8":{"start":{"line":21,"column":4},"end":{"line":18,"column":9}},"9":{"start":{"line":25,"column":4},"end":{"line":null,"column":-1}},"10":{"start":{"line":26,"column":4},"end":{"line":null,"column":-1}},"11":{"start":{"line":29,"column":4},"end":{"line":null,"column":-1}},"12":{"start":{"line":32,"column":4},"end":{"line":null,"column":-1}},"13":{"start":{"line":33,"column":6},"end":{"line":null,"column":-1}},"14":{"start":{"line":39,"column":4},"end":{"line":36,"column":18}},"15":{"start":{"line":43,"column":8},"end":{"line":null,"column":-1}},"16":{"start":{"line":50,"column":4},"end":{"line":null,"column":-1}},"17":{"start":{"line":52,"column":21},"end":{"line":52,"column":8}},"18":{"start":{"line":53,"column":8},"end":{"line":null,"column":-1}},"19":{"start":{"line":58,"column":0},"end":{"line":null,"column":-1}},"20":{"start":{"line":60,"column":2},"end":{"line":null,"column":-1}},"21":{"start":{"line":63,"column":6},"end":{"line":67,"column":7}},"22":{"start":{"line":65,"column":8},"end":{"line":null,"column":-1}},"23":{"start":{"line":66,"column":8},"end":{"line":null,"column":-1}},"24":{"start":{"line":72,"column":0},"end":{"line":null,"column":-1}}},"fnMap":{"0":{"name":"(anonymous_0)","decl":{"start":{"line":6,"column":2},"end":{"line":6,"column":12}},"loc":{"start":{"line":6,"column":23},"end":{"line":16,"column":3}}},"1":{"name":"(anonymous_1)","decl":{"start":{"line":18,"column":2},"end":{"line":18,"column":5}},"loc":{"start":{"line":18,"column":9},"end":{"line":22,"column":3}}},"2":{"name":"(anonymous_2)","decl":{"start":{"line":24,"column":2},"end":{"line":24,"column":11}},"loc":{"start":{"line":24,"column":15},"end":{"line":27,"column":3}}},"3":{"name":"(anonymous_3)","decl":{"start":{"line":28,"column":2},"end":{"line":28,"column":13}},"loc":{"start":{"line":28,"column":17},"end":{"line":30,"column":3}}},"4":{"name":"(anonymous_4)","decl":{"start":{"line":31,"column":2},"end":{"line":31,"column":15}},"loc":{"start":{"line":31,"column":26},"end":{"line":35,"column":3}}},"5":{"name":"(anonymous_5)","decl":{"start":{"line":32,"column":27},"end":{"line":32,"column":30}},"loc":{"start":{"line":32,"column":35},"end":{"line":32,"column":4}}},"6":{"name":"(anonymous_6)","decl":{"start":{"line":36,"column":2},"end":{"line":36,"column":14}},"loc":{"start":{"line":36,"column":18},"end":{"line":56,"column":3}}},"7":{"name":"(anonymous_7)","decl":{"start":{"line":51,"column":14},"end":{"line":51,"column":15}},"loc":{"start":{"line":51,"column":19},"end":{"line":54,"column":7}}},"8":{"name":"(anonymous_8)","decl":{"start":{"line":58,"column":20},"end":{"line":58,"column":28}},"loc":{"start":{"line":58,"column":34},"end":{"line":58,"column":0}}}},"branchMap":{"0":{"loc":{"start":{"line":29,"column":23},"end":{"line":29,"column":55}},"type":"binary-expr","locations":[{"start":{"line":29,"column":23},"end":{"line":29,"column":55}},{"start":{"line":29,"column":56},"end":{"line":29,"column":4}}]},"1":{"loc":{"start":{"line":63,"column":6},"end":{"line":67,"column":7}},"type":"if","locations":[{"start":{"line":63,"column":6},"end":{"line":67,"column":7}},{"start":{"line":63,"column":6},"end":{"line":67,"column":7}}]}},"s":{"0":0,"1":0,"2":0,"3":0,"4":0,"5":0,"6":0,"7":0,"8":0,"9":0,"10":0,"11":0,"12":0,"13":0,"14":0,"15":0,"16":0,"17":0,"18":0,"19":0,"20":0,"21":0,"22":0,"23":0,"24":0},"f":{"0":0,"1":0,"2":0,"3":0,"4":0,"5":0,"6":0,"7":0,"8":0},"b":{"0":[0,0],"1":[0,0]}}
,"C:\\Users\\yt037\\Desktop\\kaikeba\\projects\\vue-study\\src\\kstore.js": {"path":"C:\\Users\\yt037\\Desktop\\kaikeba\\projects\\vue-study\\src\\kstore.js","statementMap":{"0":{"start":{"line":1,"column":0},"end":{"line":null,"column":-1}},"1":{"start":{"line":2,"column":0},"end":{"line":null,"column":-1}},"2":{"start":{"line":4,"column":0},"end":{"line":null,"column":-1}},"3":{"start":{"line":10,"column":6},"end":{"line":null,"column":-1}},"4":{"start":{"line":15,"column":6},"end":{"line":null,"column":-1}},"5":{"start":{"line":20,"column":6},"end":{"line":null,"column":-1}},"6":{"start":{"line":21,"column":8},"end":{"line":null,"column":-1}}},"fnMap":{"0":{"name":"(anonymous_0)","decl":{"start":{"line":20,"column":17},"end":{"line":20,"column":22}},"loc":{"start":{"line":20,"column":23},"end":{"line":20,"column":16}}}},"branchMap":{"0":{"loc":{"start":{"line":9,"column":25},"end":{"line":9,"column":13}},"type":"default-arg","locations":[{"start":{"line":9,"column":25},"end":{"line":9,"column":13}}]}},"s":{"0":0,"1":0,"2":0,"3":0,"4":0,"5":0,"6":0},"f":{"0":0},"b":{"0":[0]}}
,"C:\\Users\\yt037\\Desktop\\kaikeba\\projects\\vue-study\\src\\kvuex.js": {"path":"C:\\Users\\yt037\\Desktop\\kaikeba\\projects\\vue-study\\src\\kvuex.js","statementMap":{"0":{"start":{"line":4,"column":23},"end":{"line":null,"column":-1}},"1":{"start":{"line":17,"column":4},"end":{"line":null,"column":-1}},"2":{"start":{"line":5,"column":4},"end":{"line":null,"column":-1}},"3":{"start":{"line":9,"column":4},"end":{"line":null,"column":-1}},"4":{"start":{"line":10,"column":4},"end":{"line":null,"column":-1}},"5":{"start":{"line":12,"column":4},"end":{"line":null,"column":-1}},"6":{"start":{"line":21,"column":4},"end":{"line":null,"column":-1}},"7":{"start":{"line":28,"column":4},"end":{"line":27,"column":25}},"8":{"start":{"line":30,"column":4},"end":{"line":null,"column":-1}},"9":{"start":{"line":33,"column":8},"end":{"line":null,"column":-1}},"10":{"start":{"line":35,"column":16},"end":{"line":null,"column":-1}},"11":{"start":{"line":43,"column":2},"end":{"line":null,"column":-1}},"12":{"start":{"line":45,"column":2},"end":{"line":null,"column":-1}},"13":{"start":{"line":47,"column":6},"end":{"line":49,"column":7}},"14":{"start":{"line":48,"column":8},"end":{"line":null,"column":-1}}},"fnMap":{"0":{"name":"(anonymous_0)","decl":{"start":{"line":4,"column":2},"end":{"line":4,"column":12}},"loc":{"start":{"line":4,"column":23},"end":{"line":3,"column":12}}},"1":{"name":"(anonymous_1)","decl":{"start":{"line":16,"column":11},"end":{"line":16,"column":12}},"loc":{"start":{"line":16,"column":26},"end":{"line":4,"column":23}}},"2":{"name":"(anonymous_2)","decl":{"start":{"line":20,"column":2},"end":{"line":20,"column":9}},"loc":{"start":{"line":20,"column":22},"end":{"line":25,"column":3}}},"3":{"name":"(anonymous_3)","decl":{"start":{"line":27,"column":2},"end":{"line":27,"column":14}},"loc":{"start":{"line":27,"column":25},"end":{"line":39,"column":3}}},"4":{"name":"(anonymous_4)","decl":{"start":{"line":30,"column":33},"end":{"line":30,"column":35}},"loc":{"start":{"line":30,"column":40},"end":{"line":30,"column":4}}},"5":{"name":"(anonymous_5)","decl":{"start":{"line":34,"column":17},"end":{"line":34,"column":22}},"loc":{"start":{"line":34,"column":23},"end":{"line":36,"column":13}}},"6":{"name":"install","decl":{"start":{"line":42,"column":9},"end":{"line":42,"column":0}},"loc":{"start":{"line":42,"column":23},"end":{"line":52,"column":1}}}},"branchMap":{"0":{"loc":{"start":{"line":12,"column":4},"end":{"line":12,"column":3}},"type":"binary-expr","locations":[{"start":{"line":12,"column":4},"end":{"line":12,"column":3}},{"start":{"line":12,"column":23},"end":{"line":12,"column":4}}]},"1":{"loc":{"start":{"line":47,"column":6},"end":{"line":49,"column":7}},"type":"if","locations":[{"start":{"line":47,"column":6},"end":{"line":49,"column":7}},{"start":{"line":47,"column":6},"end":{"line":49,"column":7}}]}},"s":{"0":0,"1":0,"2":0,"3":0,"4":0,"5":0,"6":0,"7":0,"8":0,"9":0,"10":0,"11":0,"12":0,"13":0,"14":0},"f":{"0":0,"1":0,"2":0,"3":0,"4":0,"5":0,"6":0},"b":{"0":[0,0],"1":[0,0]}}
,"C:\\Users\\yt037\\Desktop\\kaikeba\\projects\\vue-study\\src\\main.js": {"path":"C:\\Users\\yt037\\Desktop\\kaikeba\\projects\\vue-study\\src\\main.js","statementMap":{"0":{"start":{"line":1,"column":0},"end":{"line":null,"column":-1}},"1":{"start":{"line":2,"column":0},"end":{"line":null,"column":-1}},"2":{"start":{"line":5,"column":0},"end":{"line":null,"column":-1}},"3":{"start":{"line":8,"column":0},"end":{"line":null,"column":-1}},"4":{"start":{"line":12,"column":0},"end":{"line":null,"column":-1}},"5":{"start":{"line":14,"column":0},"end":{"line":null,"column":-1}},"6":{"start":{"line":16,"column":0},"end":{"line":null,"column":-1}},"7":{"start":{"line":18,"column":0},"end":{"line":null,"column":-1}},"8":{"start":{"line":20,"column":0},"end":{"line":null,"column":-1}},"9":{"start":{"line":76,"column":0},"end":{"line":null,"column":-1}},"10":{"start":{"line":79,"column":15},"end":{"line":79,"column":16}}},"fnMap":{"0":{"name":"(anonymous_0)","decl":{"start":{"line":79,"column":10},"end":{"line":79,"column":11}},"loc":{"start":{"line":79,"column":15},"end":{"line":79,"column":16}}}},"branchMap":{},"s":{"0":0,"1":0,"2":0,"3":0,"4":0,"5":0,"6":0,"7":0,"8":0,"9":0,"10":0},"f":{"0":0},"b":{}}
,"C:\\Users\\yt037\\Desktop\\kaikeba\\projects\\vue-study\\src\\permission.js": {"path":"C:\\Users\\yt037\\Desktop\\kaikeba\\projects\\vue-study\\src\\permission.js","statementMap":{"0":{"start":{"line":3,"column":0},"end":{"line":null,"column":-1}},"1":{"start":{"line":4,"column":0},"end":{"line":null,"column":-1}},"2":{"start":{"line":5,"column":0},"end":{"line":null,"column":-1}},"3":{"start":{"line":6,"column":0},"end":{"line":null,"column":-1}},"4":{"start":{"line":8,"column":18},"end":{"line":8,"column":0}},"5":{"start":{"line":10,"column":0},"end":{"line":null,"column":-1}},"6":{"start":{"line":13,"column":19},"end":{"line":13,"column":2}},"7":{"start":{"line":16,"column":2},"end":{"line":55,"column":3}},"8":{"start":{"line":17,"column":4},"end":{"line":45,"column":5}},"9":{"start":{"line":19,"column":6},"end":{"line":null,"column":-1}},"10":{"start":{"line":22,"column":23},"end":{"line":22,"column":6}},"11":{"start":{"line":23,"column":6},"end":{"line":44,"column":7}},"12":{"start":{"line":24,"column":8},"end":{"line":23,"column":20}},"13":{"start":{"line":26,"column":8},"end":{"line":43,"column":9}},"14":{"start":{"line":28,"column":28},"end":{"line":28,"column":10}},"15":{"start":{"line":31,"column":31},"end":{"line":31,"column":10}},"16":{"start":{"line":34,"column":10},"end":{"line":26,"column":12}},"17":{"start":{"line":37,"column":10},"end":{"line":null,"column":-1}},"18":{"start":{"line":40,"column":10},"end":{"line":null,"column":-1}},"19":{"start":{"line":41,"column":10},"end":{"line":null,"column":-1}},"20":{"start":{"line":42,"column":10},"end":{"line":null,"column":-1}},"21":{"start":{"line":48,"column":4},"end":{"line":54,"column":5}},"22":{"start":{"line":50,"column":6},"end":{"line":50,"column":10}},"23":{"start":{"line":53,"column":6},"end":{"line":null,"column":-1}}},"fnMap":{"0":{"name":"(anonymous_0)","decl":{"start":{"line":10,"column":18},"end":{"line":10,"column":24}},"loc":{"start":{"line":10,"column":44},"end":{"line":10,"column":0}}}},"branchMap":{"0":{"loc":{"start":{"line":16,"column":2},"end":{"line":55,"column":3}},"type":"if","locations":[{"start":{"line":16,"column":2},"end":{"line":55,"column":3}},{"start":{"line":16,"column":2},"end":{"line":55,"column":3}}]},"1":{"loc":{"start":{"line":17,"column":4},"end":{"line":45,"column":5}},"type":"if","locations":[{"start":{"line":17,"column":4},"end":{"line":45,"column":5}},{"start":{"line":17,"column":4},"end":{"line":45,"column":5}}]},"2":{"loc":{"start":{"line":22,"column":23},"end":{"line":22,"column":22}},"type":"binary-expr","locations":[{"start":{"line":22,"column":23},"end":{"line":22,"column":22}},{"start":{"line":22,"column":46},"end":{"line":22,"column":6}}]},"3":{"loc":{"start":{"line":23,"column":6},"end":{"line":44,"column":7}},"type":"if","locations":[{"start":{"line":23,"column":6},"end":{"line":44,"column":7}},{"start":{"line":23,"column":6},"end":{"line":44,"column":7}}]},"4":{"loc":{"start":{"line":41,"column":24},"end":{"line":41,"column":29}},"type":"binary-expr","locations":[{"start":{"line":41,"column":24},"end":{"line":41,"column":29}},{"start":{"line":41,"column":33},"end":{"line":41,"column":10}}]},"5":{"loc":{"start":{"line":48,"column":4},"end":{"line":54,"column":5}},"type":"if","locations":[{"start":{"line":48,"column":4},"end":{"line":54,"column":5}},{"start":{"line":48,"column":4},"end":{"line":54,"column":5}}]}},"s":{"0":0,"1":0,"2":0,"3":0,"4":0,"5":0,"6":0,"7":0,"8":0,"9":0,"10":0,"11":0,"12":0,"13":0,"14":0,"15":0,"16":0,"17":0,"18":0,"19":0,"20":0,"21":0,"22":0,"23":0},"f":{"0":0},"b":{"0":[0,0],"1":[0,0],"2":[0,0],"3":[0,0],"4":[0,0],"5":[0,0]}}
,"C:\\Users\\yt037\\Desktop\\kaikeba\\projects\\vue-study\\src\\api\\user.js": {"path":"C:\\Users\\yt037\\Desktop\\kaikeba\\projects\\vue-study\\src\\api\\user.js","statementMap":{"0":{"start":{"line":1,"column":0},"end":{"line":null,"column":-1}},"1":{"start":{"line":4,"column":2},"end":{"line":null,"column":-1}},"2":{"start":{"line":12,"column":2},"end":{"line":null,"column":-1}}},"fnMap":{"0":{"name":"login","decl":{"start":{"line":3,"column":16},"end":{"line":3,"column":7}},"loc":{"start":{"line":3,"column":28},"end":{"line":9,"column":1}}},"1":{"name":"getInfo","decl":{"start":{"line":11,"column":16},"end":{"line":11,"column":7}},"loc":{"start":{"line":11,"column":26},"end":{"line":16,"column":1}}}},"branchMap":{},"s":{"0":0,"1":0,"2":0},"f":{"0":0,"1":0},"b":{}}
,"C:\\Users\\yt037\\Desktop\\kaikeba\\projects\\vue-study\\src\\components\\Breadcrumb.vue": {"path":"C:\\Users\\yt037\\Desktop\\kaikeba\\projects\\vue-study\\src\\components\\Breadcrumb.vue","statementMap":{"0":{"start":{"line":18,"column":0},"end":{"line":null,"column":-1}},"1":{"start":{"line":22,"column":0},"end":{"line":null,"column":-1}},"2":{"start":{"line":30,"column":0},"end":{"line":null,"column":-1}},"3":{"start":{"line":38,"column":0},"end":{"line":null,"column":-1}},"4":{"start":{"line":43,"column":0},"end":{"line":null,"column":-1}},"5":{"start":{"line":48,"column":0},"end":{"line":null,"column":-1}},"6":{"start":{"line":51,"column":0},"end":{"line":53,"column":0}},"7":{"start":{"line":52,"column":0},"end":{"line":null,"column":-1}},"8":{"start":{"line":56,"column":0},"end":{"line":null,"column":-1}},"9":{"start":{"line":59,"column":0},"end":{"line":null,"column":-1}},"10":{"start":{"line":60,"column":0},"end":{"line":62,"column":0}},"11":{"start":{"line":61,"column":0},"end":{"line":null,"column":-1}},"12":{"start":{"line":63,"column":0},"end":{"line":null,"column":-1}},"13":{"start":{"line":67,"column":0},"end":{"line":null,"column":-1}},"14":{"start":{"line":69,"column":0},"end":{"line":null,"column":-1}},"15":{"start":{"line":70,"column":0},"end":{"line":null,"column":-1}},"16":{"start":{"line":73,"column":0},"end":{"line":null,"column":-1}},"17":{"start":{"line":75,"column":0},"end":{"line":78,"column":0}},"18":{"start":{"line":76,"column":0},"end":{"line":null,"column":-1}},"19":{"start":{"line":77,"column":0},"end":{"line":null,"column":-1}},"20":{"start":{"line":80,"column":0},"end":{"line":null,"column":-1}}},"fnMap":{"0":{"name":"(anonymous_1)","decl":{"start":{"line":43,"column":0},"end":{"line":null,"column":-1}},"loc":{"start":{"line":43,"column":0},"end":{"line":null,"column":-1}}}},"branchMap":{"0":{"loc":{"start":{"line":43,"column":0},"end":{"line":null,"column":-1}},"type":"binary-expr","locations":[{"start":{"line":43,"column":0},"end":{"line":null,"column":-1}},{"start":{"line":43,"column":0},"end":{"line":null,"column":-1}},{"start":{"line":43,"column":0},"end":{"line":null,"column":-1}}]},"1":{"loc":{"start":{"line":51,"column":0},"end":{"line":53,"column":0}},"type":"if","locations":[{"start":{"line":51,"column":0},"end":{"line":53,"column":0}},{"start":{"line":51,"column":0},"end":{"line":53,"column":0}}]},"2":{"loc":{"start":{"line":59,"column":0},"end":{"line":null,"column":-1}},"type":"binary-expr","locations":[{"start":{"line":59,"column":0},"end":{"line":null,"column":-1}},{"start":{"line":59,"column":0},"end":{"line":null,"column":-1}}]},"3":{"loc":{"start":{"line":60,"column":0},"end":{"line":62,"column":0}},"type":"if","locations":[{"start":{"line":60,"column":0},"end":{"line":62,"column":0}},{"start":{"line":60,"column":0},"end":{"line":62,"column":0}}]},"4":{"loc":{"start":{"line":75,"column":0},"end":{"line":78,"column":0}},"type":"if","locations":[{"start":{"line":75,"column":0},"end":{"line":78,"column":0}},{"start":{"line":75,"column":0},"end":{"line":78,"column":0}}]}},"s":{"0":0,"1":0,"2":0,"3":0,"4":0,"5":0,"6":0,"7":0,"8":0,"9":0,"10":0,"11":0,"12":0,"13":0,"14":0,"15":0,"16":0,"17":0,"18":0,"19":0,"20":0},"f":{"0":0},"b":{"0":[0,0,0],"1":[0,0],"2":[0,0],"3":[0,0],"4":[0,0]}}
,"C:\\Users\\yt037\\Desktop\\kaikeba\\projects\\vue-study\\src\\components\\Kaikeba.vue": {"path":"C:\\Users\\yt037\\Desktop\\kaikeba\\projects\\vue-study\\src\\components\\Kaikeba.vue","statementMap":{"0":{"start":{"line":11,"column":0},"end":{"line":null,"column":-1}},"1":{"start":{"line":16,"column":0},"end":{"line":null,"column":-1}},"2":{"start":{"line":20,"column":0},"end":{"line":null,"column":-1}}},"fnMap":{},"branchMap":{},"s":{"0":1,"1":0,"2":0},"f":{},"b":{}}
,"C:\\Users\\yt037\\Desktop\\kaikeba\\projects\\vue-study\\src\\components\\SvgIcon.vue": {"path":"C:\\Users\\yt037\\Desktop\\kaikeba\\projects\\vue-study\\src\\components\\SvgIcon.vue","statementMap":{"0":{"start":{"line":22,"column":0},"end":{"line":null,"column":-1}},"1":{"start":{"line":25,"column":0},"end":{"line":29,"column":0}},"2":{"start":{"line":26,"column":0},"end":{"line":null,"column":-1}},"3":{"start":{"line":28,"column":0},"end":{"line":null,"column":-1}}},"fnMap":{},"branchMap":{"0":{"loc":{"start":{"line":25,"column":0},"end":{"line":29,"column":0}},"type":"if","locations":[{"start":{"line":25,"column":0},"end":{"line":29,"column":0}},{"start":{"line":25,"column":0},"end":{"line":29,"column":0}}]}},"s":{"0":0,"1":0,"2":0,"3":0},"f":{},"b":{"0":[0,0]}}
,"C:\\Users\\yt037\\Desktop\\kaikeba\\projects\\vue-study\\src\\components\\Sidebar\\Item.vue": {"path":"C:\\Users\\yt037\\Desktop\\kaikeba\\projects\\vue-study\\src\\components\\Sidebar\\Item.vue","statementMap":{"0":{"start":{"line":16,"column":0},"end":{"line":null,"column":-1}},"1":{"start":{"line":17,"column":0},"end":{"line":null,"column":-1}},"2":{"start":{"line":20,"column":0},"end":{"line":23,"column":0}},"3":{"start":{"line":22,"column":0},"end":{"line":null,"column":-1}},"4":{"start":{"line":25,"column":0},"end":{"line":27,"column":0}},"5":{"start":{"line":26,"column":0},"end":{"line":null,"column":-1}},"6":{"start":{"line":28,"column":0},"end":{"line":null,"column":-1}}},"fnMap":{},"branchMap":{"0":{"loc":{"start":{"line":20,"column":0},"end":{"line":23,"column":0}},"type":"if","locations":[{"start":{"line":20,"column":0},"end":{"line":23,"column":0}},{"start":{"line":20,"column":0},"end":{"line":23,"column":0}}]},"1":{"loc":{"start":{"line":25,"column":0},"end":{"line":27,"column":0}},"type":"if","locations":[{"start":{"line":25,"column":0},"end":{"line":27,"column":0}},{"start":{"line":25,"column":0},"end":{"line":27,"column":0}}]}},"s":{"0":0,"1":0,"2":0,"3":0,"4":0,"5":0,"6":0},"f":{},"b":{"0":[0,0],"1":[0,0]}}
,"C:\\Users\\yt037\\Desktop\\kaikeba\\projects\\vue-study\\src\\components\\Sidebar\\SidebarItem.vue": {"path":"C:\\Users\\yt037\\Desktop\\kaikeba\\projects\\vue-study\\src\\components\\Sidebar\\SidebarItem.vue","statementMap":{"0":{"start":{"line":31,"column":0},"end":{"line":null,"column":-1}},"1":{"start":{"line":32,"column":0},"end":{"line":null,"column":-1}},"2":{"start":{"line":53,"column":0},"end":{"line":null,"column":-1}},"3":{"start":{"line":54,"column":0},"end":{"line":null,"column":-1}},"4":{"start":{"line":58,"column":0},"end":{"line":66,"column":0}},"5":{"start":{"line":59,"column":0},"end":{"line":65,"column":0}},"6":{"start":{"line":60,"column":0},"end":{"line":null,"column":-1}},"7":{"start":{"line":63,"column":0},"end":{"line":null,"column":-1}},"8":{"start":{"line":64,"column":0},"end":{"line":null,"column":-1}},"9":{"start":{"line":69,"column":0},"end":{"line":71,"column":0}},"10":{"start":{"line":70,"column":0},"end":{"line":null,"column":-1}},"11":{"start":{"line":74,"column":0},"end":{"line":77,"column":0}},"12":{"start":{"line":75,"column":0},"end":{"line":null,"column":-1}},"13":{"start":{"line":76,"column":0},"end":{"line":null,"column":-1}},"14":{"start":{"line":79,"column":0},"end":{"line":null,"column":-1}},"15":{"start":{"line":82,"column":0},"end":{"line":null,"column":-1}}},"fnMap":{"0":{"name":"(anonymous_1)","decl":{"start":{"line":58,"column":0},"end":{"line":null,"column":-1}},"loc":{"start":{"line":58,"column":0},"end":{"line":66,"column":0}}}},"branchMap":{"0":{"loc":{"start":{"line":57,"column":0},"end":{"line":null,"column":-1}},"type":"default-arg","locations":[{"start":{"line":57,"column":0},"end":{"line":null,"column":-1}}]},"1":{"loc":{"start":{"line":59,"column":0},"end":{"line":65,"column":0}},"type":"if","locations":[{"start":{"line":59,"column":0},"end":{"line":65,"column":0}},{"start":{"line":59,"column":0},"end":{"line":65,"column":0}}]},"2":{"loc":{"start":{"line":69,"column":0},"end":{"line":71,"column":0}},"type":"if","locations":[{"start":{"line":69,"column":0},"end":{"line":71,"column":0}},{"start":{"line":69,"column":0},"end":{"line":71,"column":0}}]},"3":{"loc":{"start":{"line":74,"column":0},"end":{"line":77,"column":0}},"type":"if","locations":[{"start":{"line":74,"column":0},"end":{"line":77,"column":0}},{"start":{"line":74,"column":0},"end":{"line":77,"column":0}}]}},"s":{"0":0,"1":0,"2":0,"3":0,"4":0,"5":0,"6":0,"7":0,"8":0,"9":0,"10":0,"11":0,"12":0,"13":0,"14":0,"15":0},"f":{"0":0},"b":{"0":[0],"1":[0,0],"2":[0,0],"3":[0,0]}}
,"C:\\Users\\yt037\\Desktop\\kaikeba\\projects\\vue-study\\src\\components\\Sidebar\\index.vue": {"path":"C:\\Users\\yt037\\Desktop\\kaikeba\\projects\\vue-study\\src\\components\\Sidebar\\index.vue","statementMap":{"0":{"start":{"line":25,"column":0},"end":{"line":null,"column":-1}},"1":{"start":{"line":26,"column":0},"end":{"line":null,"column":-1}},"2":{"start":{"line":33,"column":0},"end":{"line":null,"column":-1}},"3":{"start":{"line":34,"column":0},"end":{"line":null,"column":-1}},"4":{"start":{"line":36,"column":0},"end":{"line":38,"column":0}},"5":{"start":{"line":37,"column":0},"end":{"line":null,"column":-1}},"6":{"start":{"line":39,"column":0},"end":{"line":null,"column":-1}},"7":{"start":{"line":42,"column":0},"end":{"line":null,"column":-1}}},"fnMap":{},"branchMap":{"0":{"loc":{"start":{"line":36,"column":0},"end":{"line":38,"column":0}},"type":"if","locations":[{"start":{"line":36,"column":0},"end":{"line":38,"column":0}},{"start":{"line":36,"column":0},"end":{"line":38,"column":0}}]}},"s":{"0":0,"1":0,"2":0,"3":0,"4":0,"5":0,"6":0,"7":0},"f":{},"b":{"0":[0,0]}}
,"C:\\Users\\yt037\\Desktop\\kaikeba\\projects\\vue-study\\src\\components\\communicate\\Child1.vue": {"path":"C:\\Users\\yt037\\Desktop\\kaikeba\\projects\\vue-study\\src\\components\\communicate\\Child1.vue","statementMap":{"0":{"start":{"line":13,"column":0},"end":{"line":null,"column":-1}},"1":{"start":{"line":14,"column":0},"end":{"line":null,"column":-1}},"2":{"start":{"line":21,"column":0},"end":{"line":null,"column":-1}},"3":{"start":{"line":31,"column":0},"end":{"line":null,"column":-1}},"4":{"start":{"line":35,"column":0},"end":{"line":37,"column":0}},"5":{"start":{"line":36,"column":0},"end":{"line":null,"column":-1}},"6":{"start":{"line":38,"column":0},"end":{"line":40,"column":0}},"7":{"start":{"line":39,"column":0},"end":{"line":null,"column":-1}}},"fnMap":{"0":{"name":"(anonymous_1)","decl":{"start":{"line":35,"column":0},"end":{"line":null,"column":-1}},"loc":{"start":{"line":35,"column":0},"end":{"line":37,"column":0}}},"1":{"name":"(anonymous_2)","decl":{"start":{"line":38,"column":0},"end":{"line":null,"column":-1}},"loc":{"start":{"line":38,"column":0},"end":{"line":40,"column":0}}}},"branchMap":{},"s":{"0":0,"1":0,"2":0,"3":0,"4":0,"5":0,"6":0,"7":0},"f":{"0":0,"1":0},"b":{}}
,"C:\\Users\\yt037\\Desktop\\kaikeba\\projects\\vue-study\\src\\components\\communicate\\Child2.vue": {"path":"C:\\Users\\yt037\\Desktop\\kaikeba\\projects\\vue-study\\src\\components\\communicate\\Child2.vue","statementMap":{"0":{"start":{"line":10,"column":0},"end":{"line":null,"column":-1}},"1":{"start":{"line":16,"column":0},"end":{"line":null,"column":-1}},"2":{"start":{"line":25,"column":0},"end":{"line":null,"column":-1}},"3":{"start":{"line":30,"column":0},"end":{"line":32,"column":0}},"4":{"start":{"line":31,"column":0},"end":{"line":null,"column":-1}}},"fnMap":{"0":{"name":"(anonymous_1)","decl":{"start":{"line":30,"column":0},"end":{"line":null,"column":-1}},"loc":{"start":{"line":30,"column":0},"end":{"line":32,"column":0}}}},"branchMap":{},"s":{"0":0,"1":0,"2":0,"3":0,"4":0},"f":{"0":0},"b":{}}
,"C:\\Users\\yt037\\Desktop\\kaikeba\\projects\\vue-study\\src\\components\\communicate\\GrandChild1.vue": {"path":"C:\\Users\\yt037\\Desktop\\kaikeba\\projects\\vue-study\\src\\components\\communicate\\GrandChild1.vue","statementMap":{"0":{"start":{"line":13,"column":0},"end":{"line":null,"column":-1}},"1":{"start":{"line":19,"column":0},"end":{"line":21,"column":0}},"2":{"start":{"line":20,"column":0},"end":{"line":null,"column":-1}},"3":{"start":{"line":22,"column":0},"end":{"line":24,"column":0}},"4":{"start":{"line":23,"column":0},"end":{"line":null,"column":-1}},"5":{"start":{"line":25,"column":0},"end":{"line":27,"column":0}},"6":{"start":{"line":26,"column":0},"end":{"line":null,"column":-1}}},"fnMap":{"0":{"name":"(anonymous_1)","decl":{"start":{"line":19,"column":0},"end":{"line":null,"column":-1}},"loc":{"start":{"line":19,"column":0},"end":{"line":21,"column":0}}},"1":{"name":"(anonymous_2)","decl":{"start":{"line":22,"column":0},"end":{"line":null,"column":-1}},"loc":{"start":{"line":22,"column":0},"end":{"line":24,"column":0}}},"2":{"name":"(anonymous_3)","decl":{"start":{"line":25,"column":0},"end":{"line":null,"column":-1}},"loc":{"start":{"line":25,"column":0},"end":{"line":27,"column":0}}}},"branchMap":{},"s":{"0":0,"1":0,"2":0,"3":0,"4":0,"5":0,"6":0},"f":{"0":0,"1":0,"2":0},"b":{}}
,"C:\\Users\\yt037\\Desktop\\kaikeba\\projects\\vue-study\\src\\components\\communicate\\GrandChild2.vue": {"path":"C:\\Users\\yt037\\Desktop\\kaikeba\\projects\\vue-study\\src\\components\\communicate\\GrandChild2.vue","statementMap":{"0":{"start":{"line":15,"column":0},"end":{"line":null,"column":-1}},"1":{"start":{"line":23,"column":0},"end":{"line":null,"column":-1}},"2":{"start":{"line":29,"column":0},"end":{"line":null,"column":-1}},"3":{"start":{"line":34,"column":0},"end":{"line":36,"column":0}},"4":{"start":{"line":35,"column":0},"end":{"line":null,"column":-1}},"5":{"start":{"line":37,"column":0},"end":{"line":39,"column":0}},"6":{"start":{"line":38,"column":0},"end":{"line":null,"column":-1}}},"fnMap":{"0":{"name":"(anonymous_1)","decl":{"start":{"line":34,"column":0},"end":{"line":null,"column":-1}},"loc":{"start":{"line":34,"column":0},"end":{"line":36,"column":0}}},"1":{"name":"(anonymous_2)","decl":{"start":{"line":37,"column":0},"end":{"line":null,"column":-1}},"loc":{"start":{"line":37,"column":0},"end":{"line":39,"column":0}}}},"branchMap":{},"s":{"0":0,"1":0,"2":0,"3":0,"4":0,"5":0,"6":0},"f":{"0":0,"1":0},"b":{}}
,"C:\\Users\\yt037\\Desktop\\kaikeba\\projects\\vue-study\\src\\components\\communicate\\GrandGrandChild1.vue": {"path":"C:\\Users\\yt037\\Desktop\\kaikeba\\projects\\vue-study\\src\\components\\communicate\\GrandGrandChild1.vue","statementMap":{"0":{"start":{"line":15,"column":0},"end":{"line":null,"column":-1}},"1":{"start":{"line":20,"column":0},"end":{"line":22,"column":0}},"2":{"start":{"line":21,"column":0},"end":{"line":null,"column":-1}},"3":{"start":{"line":23,"column":0},"end":{"line":25,"column":0}},"4":{"start":{"line":24,"column":0},"end":{"line":null,"column":-1}}},"fnMap":{"0":{"name":"(anonymous_1)","decl":{"start":{"line":20,"column":0},"end":{"line":null,"column":-1}},"loc":{"start":{"line":20,"column":0},"end":{"line":22,"column":0}}},"1":{"name":"(anonymous_2)","decl":{"start":{"line":23,"column":0},"end":{"line":null,"column":-1}},"loc":{"start":{"line":23,"column":0},"end":{"line":25,"column":0}}}},"branchMap":{},"s":{"0":0,"1":0,"2":0,"3":0,"4":0},"f":{"0":0,"1":0},"b":{}}
,"C:\\Users\\yt037\\Desktop\\kaikeba\\projects\\vue-study\\src\\components\\communicate\\index.vue": {"path":"C:\\Users\\yt037\\Desktop\\kaikeba\\projects\\vue-study\\src\\components\\communicate\\index.vue","statementMap":{"0":{"start":{"line":11,"column":0},"end":{"line":null,"column":-1}},"1":{"start":{"line":12,"column":0},"end":{"line":null,"column":-1}},"2":{"start":{"line":19,"column":0},"end":{"line":null,"column":-1}},"3":{"start":{"line":26,"column":0},"end":{"line":null,"column":-1}},"4":{"start":{"line":31,"column":0},"end":{"line":33,"column":0}},"5":{"start":{"line":32,"column":0},"end":{"line":null,"column":-1}},"6":{"start":{"line":34,"column":0},"end":{"line":36,"column":0}},"7":{"start":{"line":35,"column":0},"end":{"line":null,"column":-1}}},"fnMap":{"0":{"name":"(anonymous_1)","decl":{"start":{"line":31,"column":0},"end":{"line":null,"column":-1}},"loc":{"start":{"line":31,"column":0},"end":{"line":33,"column":0}}},"1":{"name":"(anonymous_2)","decl":{"start":{"line":34,"column":0},"end":{"line":null,"column":-1}},"loc":{"start":{"line":34,"column":0},"end":{"line":36,"column":0}}}},"branchMap":{},"s":{"0":0,"1":0,"2":0,"3":0,"4":0,"5":0,"6":0,"7":0},"f":{"0":0,"1":0},"b":{}}
,"C:\\Users\\yt037\\Desktop\\kaikeba\\projects\\vue-study\\src\\components\\form\\Form.vue": {"path":"C:\\Users\\yt037\\Desktop\\kaikeba\\projects\\vue-study\\src\\components\\form\\Form.vue","statementMap":{"0":{"start":{"line":10,"column":0},"end":{"line":null,"column":-1}},"1":{"start":{"line":25,"column":0},"end":{"line":null,"column":-1}},"2":{"start":{"line":30,"column":0},"end":{"line":null,"column":-1}}},"fnMap":{"0":{"name":"(anonymous_1)","decl":{"start":{"line":25,"column":0},"end":{"line":null,"column":-1}},"loc":{"start":{"line":25,"column":0},"end":{"line":null,"column":-1}}},"1":{"name":"(anonymous_3)","decl":{"start":{"line":30,"column":0},"end":{"line":null,"column":-1}},"loc":{"start":{"line":30,"column":0},"end":{"line":null,"column":-1}}}},"branchMap":{},"s":{"0":0,"1":0,"2":0},"f":{"0":0,"1":0},"b":{}}
,"C:\\Users\\yt037\\Desktop\\kaikeba\\projects\\vue-study\\src\\components\\form\\FormItem.vue": {"path":"C:\\Users\\yt037\\Desktop\\kaikeba\\projects\\vue-study\\src\\components\\form\\FormItem.vue","statementMap":{"0":{"start":{"line":10,"column":0},"end":{"line":null,"column":-1}},"1":{"start":{"line":23,"column":0},"end":{"line":null,"column":-1}},"2":{"start":{"line":28,"column":0},"end":{"line":30,"column":0}},"3":{"start":{"line":29,"column":0},"end":{"line":null,"column":-1}},"4":{"start":{"line":35,"column":0},"end":{"line":null,"column":-1}},"5":{"start":{"line":36,"column":0},"end":{"line":null,"column":-1}},"6":{"start":{"line":38,"column":0},"end":{"line":null,"column":-1}},"7":{"start":{"line":39,"column":0},"end":{"line":null,"column":-1}},"8":{"start":{"line":41,"column":0},"end":{"line":47,"column":0}},"9":{"start":{"line":42,"column":0},"end":{"line":46,"column":0}},"10":{"start":{"line":43,"column":0},"end":{"line":null,"column":-1}},"11":{"start":{"line":45,"column":0},"end":{"line":null,"column":-1}}},"fnMap":{"0":{"name":"(anonymous_1)","decl":{"start":{"line":28,"column":0},"end":{"line":null,"column":-1}},"loc":{"start":{"line":28,"column":0},"end":{"line":30,"column":0}}},"1":{"name":"(anonymous_2)","decl":{"start":{"line":41,"column":0},"end":{"line":null,"column":-1}},"loc":{"start":{"line":41,"column":0},"end":{"line":47,"column":0}}}},"branchMap":{"0":{"loc":{"start":{"line":42,"column":0},"end":{"line":46,"column":0}},"type":"if","locations":[{"start":{"line":42,"column":0},"end":{"line":46,"column":0}},{"start":{"line":42,"column":0},"end":{"line":46,"column":0}}]}},"s":{"0":0,"1":0,"2":0,"3":0,"4":0,"5":0,"6":0,"7":0,"8":0,"9":0,"10":0,"11":0},"f":{"0":0,"1":0},"b":{"0":[0,0]}}
,"C:\\Users\\yt037\\Desktop\\kaikeba\\projects\\vue-study\\src\\components\\form\\Input.vue": {"path":"C:\\Users\\yt037\\Desktop\\kaikeba\\projects\\vue-study\\src\\components\\form\\Input.vue","statementMap":{"0":{"start":{"line":18,"column":0},"end":{"line":null,"column":-1}},"1":{"start":{"line":20,"column":0},"end":{"line":null,"column":-1}}},"fnMap":{},"branchMap":{},"s":{"0":0,"1":0},"f":{},"b":{}}
,"C:\\Users\\yt037\\Desktop\\kaikeba\\projects\\vue-study\\src\\components\\form\\index.vue": {"path":"C:\\Users\\yt037\\Desktop\\kaikeba\\projects\\vue-study\\src\\components\\form\\index.vue","statementMap":{"0":{"start":{"line":21,"column":0},"end":{"line":null,"column":-1}},"1":{"start":{"line":22,"column":0},"end":{"line":null,"column":-1}},"2":{"start":{"line":23,"column":0},"end":{"line":null,"column":-1}},"3":{"start":{"line":25,"column":0},"end":{"line":null,"column":-1}},"4":{"start":{"line":34,"column":0},"end":{"line":null,"column":-1}},"5":{"start":{"line":44,"column":0},"end":{"line":51,"column":0}},"6":{"start":{"line":45,"column":0},"end":{"line":null,"column":-1}},"7":{"start":{"line":50,"column":0},"end":{"line":null,"column":-1}}},"fnMap":{"0":{"name":"(anonymous_1)","decl":{"start":{"line":44,"column":0},"end":{"line":null,"column":-1}},"loc":{"start":{"line":44,"column":0},"end":{"line":51,"column":0}}}},"branchMap":{"0":{"loc":{"start":{"line":47,"column":0},"end":{"line":null,"column":-1}},"type":"cond-expr","locations":[{"start":{"line":47,"column":0},"end":{"line":null,"column":-1}},{"start":{"line":47,"column":0},"end":{"line":null,"column":-1}}]}},"s":{"0":0,"1":0,"2":0,"3":0,"4":0,"5":0,"6":0,"7":0},"f":{"0":0},"b":{"0":[0,0]}}
,"C:\\Users\\yt037\\Desktop\\kaikeba\\projects\\vue-study\\src\\components\\notice\\KNotice.vue": {"path":"C:\\Users\\yt037\\Desktop\\kaikeba\\projects\\vue-study\\src\\components\\notice\\KNotice.vue","statementMap":{"0":{"start":{"line":25,"column":0},"end":{"line":null,"column":-1}},"1":{"start":{"line":31,"column":0},"end":{"line":null,"column":-1}},"2":{"start":{"line":32,"column":0},"end":{"line":null,"column":-1}},"3":{"start":{"line":35,"column":0},"end":{"line":null,"column":-1}},"4":{"start":{"line":36,"column":0},"end":{"line":null,"column":-1}}},"fnMap":{},"branchMap":{},"s":{"0":0,"1":0,"2":0,"3":0,"4":0},"f":{},"b":{}}
,"C:\\Users\\yt037\\Desktop\\kaikeba\\projects\\vue-study\\src\\components\\recursion\\index.vue": {"path":"C:\\Users\\yt037\\Desktop\\kaikeba\\projects\\vue-study\\src\\components\\recursion\\index.vue","statementMap":{"0":{"start":{"line":8,"column":0},"end":{"line":null,"column":-1}},"1":{"start":{"line":12,"column":0},"end":{"line":null,"column":-1}}},"fnMap":{},"branchMap":{},"s":{"0":0,"1":0},"f":{},"b":{}}
,"C:\\Users\\yt037\\Desktop\\kaikeba\\projects\\vue-study\\src\\components\\slots\\Comp3.vue": {"path":"C:\\Users\\yt037\\Desktop\\kaikeba\\projects\\vue-study\\src\\components\\slots\\Comp3.vue","statementMap":{"0":{"start":{"line":14,"column":0},"end":{"line":null,"column":-1}}},"fnMap":{},"branchMap":{},"s":{"0":0},"f":{},"b":{}}
,"C:\\Users\\yt037\\Desktop\\kaikeba\\projects\\vue-study\\src\\components\\slots\\index.vue": {"path":"C:\\Users\\yt037\\Desktop\\kaikeba\\projects\\vue-study\\src\\components\\slots\\index.vue","statementMap":{"0":{"start":{"line":20,"column":0},"end":{"line":null,"column":-1}},"1":{"start":{"line":21,"column":0},"end":{"line":null,"column":-1}},"2":{"start":{"line":22,"column":0},"end":{"line":null,"column":-1}}},"fnMap":{},"branchMap":{},"s":{"0":0,"1":0,"2":0},"f":{},"b":{}}
,"C:\\Users\\yt037\\Desktop\\kaikeba\\projects\\vue-study\\src\\components\\tree\\Item.vue": {"path":"C:\\Users\\yt037\\Desktop\\kaikeba\\projects\\vue-study\\src\\components\\tree\\Item.vue","statementMap":{"0":{"start":{"line":23,"column":0},"end":{"line":null,"column":-1}},"1":{"start":{"line":29,"column":0},"end":{"line":null,"column":-1}},"2":{"start":{"line":34,"column":0},"end":{"line":36,"column":0}},"3":{"start":{"line":35,"column":0},"end":{"line":null,"column":-1}}},"fnMap":{},"branchMap":{"0":{"loc":{"start":{"line":29,"column":0},"end":{"line":null,"column":-1}},"type":"binary-expr","locations":[{"start":{"line":29,"column":0},"end":{"line":null,"column":-1}},{"start":{"line":29,"column":0},"end":{"line":null,"column":-1}}]},"1":{"loc":{"start":{"line":34,"column":0},"end":{"line":36,"column":0}},"type":"if","locations":[{"start":{"line":34,"column":0},"end":{"line":36,"column":0}},{"start":{"line":34,"column":0},"end":{"line":36,"column":0}}]}},"s":{"0":0,"1":0,"2":0,"3":0},"f":{},"b":{"0":[0,0],"1":[0,0]}}
,"C:\\Users\\yt037\\Desktop\\kaikeba\\projects\\vue-study\\src\\components\\tree\\index.vue": {"path":"C:\\Users\\yt037\\Desktop\\kaikeba\\projects\\vue-study\\src\\components\\tree\\index.vue","statementMap":{"0":{"start":{"line":10,"column":0},"end":{"line":null,"column":-1}},"1":{"start":{"line":14,"column":0},"end":{"line":null,"column":-1}}},"fnMap":{},"branchMap":{},"s":{"0":0,"1":0},"f":{},"b":{}}
,"C:\\Users\\yt037\\Desktop\\kaikeba\\projects\\vue-study\\src\\components\\vuex\\index.vue": {"path":"C:\\Users\\yt037\\Desktop\\kaikeba\\projects\\vue-study\\src\\components\\vuex\\index.vue","statementMap":{"0":{"start":{"line":15,"column":0},"end":{"line":null,"column":-1}},"1":{"start":{"line":18,"column":0},"end":{"line":null,"column":-1}}},"fnMap":{},"branchMap":{},"s":{"0":0,"1":0},"f":{},"b":{}}
,"C:\\Users\\yt037\\Desktop\\kaikeba\\projects\\vue-study\\src\\directive\\permission.js": {"path":"C:\\Users\\yt037\\Desktop\\kaikeba\\projects\\vue-study\\src\\directive\\permission.js","statementMap":{"0":{"start":{"line":1,"column":0},"end":{"line":null,"column":-1}},"1":{"start":{"line":3,"column":19},"end":{"line":3,"column":0}},"2":{"start":{"line":10,"column":29},"end":{"line":10,"column":4}},"3":{"start":{"line":12,"column":18},"end":{"line":12,"column":4}},"4":{"start":{"line":14,"column":4},"end":{"line":26,"column":5}},"5":{"start":{"line":16,"column":28},"end":{"line":16,"column":6}},"6":{"start":{"line":17,"column":8},"end":{"line":null,"column":-1}},"7":{"start":{"line":21,"column":6},"end":{"line":23,"column":7}},"8":{"start":{"line":22,"column":8},"end":{"line":null,"column":-1}},"9":{"start":{"line":25,"column":6},"end":{"line":null,"column":-1}}},"fnMap":{"0":{"name":"(anonymous_0)","decl":{"start":{"line":16,"column":39},"end":{"line":16,"column":42}},"loc":{"start":{"line":16,"column":47},"end":{"line":16,"column":28}}}},"branchMap":{"0":{"loc":{"start":{"line":12,"column":18},"end":{"line":12,"column":17}},"type":"binary-expr","locations":[{"start":{"line":12,"column":18},"end":{"line":12,"column":17}},{"start":{"line":12,"column":35},"end":{"line":12,"column":4}}]},"1":{"loc":{"start":{"line":14,"column":4},"end":{"line":26,"column":5}},"type":"if","locations":[{"start":{"line":14,"column":4},"end":{"line":26,"column":5}},{"start":{"line":14,"column":4},"end":{"line":26,"column":5}}]},"2":{"loc":{"start":{"line":14,"column":8},"end":{"line":14,"column":14}},"type":"binary-expr","locations":[{"start":{"line":14,"column":8},"end":{"line":14,"column":14}},{"start":{"line":14,"column":18},"end":{"line":14,"column":8}},{"start":{"line":14,"column":45},"end":{"line":14,"column":4}}]},"3":{"loc":{"start":{"line":21,"column":6},"end":{"line":23,"column":7}},"type":"if","locations":[{"start":{"line":21,"column":6},"end":{"line":23,"column":7}},{"start":{"line":21,"column":6},"end":{"line":23,"column":7}}]},"4":{"loc":{"start":{"line":22,"column":8},"end":{"line":22,"column":7}},"type":"binary-expr","locations":[{"start":{"line":22,"column":8},"end":{"line":22,"column":7}},{"start":{"line":22,"column":25},"end":{"line":22,"column":8}}]}},"s":{"0":0,"1":0,"2":0,"3":0,"4":0,"5":0,"6":0,"7":0,"8":0,"9":0},"f":{"0":0},"b":{"0":[0,0],"1":[0,0],"2":[0,0,0],"3":[0,0],"4":[0,0]}}
,"C:\\Users\\yt037\\Desktop\\kaikeba\\projects\\vue-study\\src\\icons\\index.js": {"path":"C:\\Users\\yt037\\Desktop\\kaikeba\\projects\\vue-study\\src\\icons\\index.js","statementMap":{"0":{"start":{"line":1,"column":0},"end":{"line":null,"column":-1}},"1":{"start":{"line":2,"column":0},"end":{"line":null,"column":-1}},"2":{"start":{"line":8,"column":12},"end":{"line":8,"column":0}},"3":{"start":{"line":10,"column":0},"end":{"line":null,"column":-1}}},"fnMap":{},"branchMap":{},"s":{"0":0,"1":0,"2":0,"3":0},"f":{},"b":{}}
,"C:\\Users\\yt037\\Desktop\\kaikeba\\projects\\vue-study\\src\\kvue\\compile.js": {"path":"C:\\Users\\yt037\\Desktop\\kaikeba\\projects\\vue-study\\src\\kvue\\compile.js","statementMap":{"0":{"start":{"line":5,"column":4},"end":{"line":null,"column":-1}},"1":{"start":{"line":6,"column":4},"end":{"line":null,"column":-1}},"2":{"start":{"line":8,"column":4},"end":{"line":19,"column":5}},"3":{"start":{"line":10,"column":6},"end":{"line":8,"column":18}},"4":{"start":{"line":14,"column":6},"end":{"line":8,"column":18}},"5":{"start":{"line":18,"column":6},"end":{"line":null,"column":-1}},"6":{"start":{"line":24,"column":21},"end":{"line":24,"column":4}},"7":{"start":{"line":26,"column":4},"end":{"line":29,"column":5}},"8":{"start":{"line":28,"column":6},"end":{"line":null,"column":-1}},"9":{"start":{"line":30,"column":4},"end":{"line":null,"column":-1}},"10":{"start":{"line":36,"column":23},"end":{"line":36,"column":4}},"11":{"start":{"line":37,"column":4},"end":{"line":null,"column":-1}},"12":{"start":{"line":38,"column":6},"end":{"line":37,"column":43}},"13":{"start":{"line":42,"column":8},"end":{"line":null,"column":-1}},"14":{"start":{"line":43,"column":13},"end":{"line":37,"column":43}},"15":{"start":{"line":45,"column":8},"end":{"line":null,"column":-1}},"16":{"start":{"line":49,"column":6},"end":{"line":51,"column":7}},"17":{"start":{"line":50,"column":8},"end":{"line":null,"column":-1}},"18":{"start":{"line":56,"column":4},"end":{"line":null,"column":-1}},"19":{"start":{"line":61,"column":4},"end":{"line":null,"column":-1}},"20":{"start":{"line":66,"column":22},"end":{"line":66,"column":4}},"21":{"start":{"line":67,"column":4},"end":{"line":null,"column":-1}},"22":{"start":{"line":69,"column":23},"end":{"line":69,"column":6}},"23":{"start":{"line":70,"column":18},"end":{"line":70,"column":6}},"24":{"start":{"line":72,"column":6},"end":{"line":81,"column":7}},"25":{"start":{"line":73,"column":20},"end":{"line":73,"column":8}},"26":{"start":{"line":75,"column":8},"end":{"line":null,"column":-1}},"27":{"start":{"line":76,"column":13},"end":{"line":81,"column":7}},"28":{"start":{"line":78,"column":28},"end":{"line":78,"column":10}},"29":{"start":{"line":79,"column":10},"end":{"line":null,"column":-1}},"30":{"start":{"line":85,"column":4},"end":{"line":null,"column":-1}},"31":{"start":{"line":91,"column":4},"end":{"line":89,"column":23}},"32":{"start":{"line":93,"column":4},"end":{"line":null,"column":-1}},"33":{"start":{"line":94,"column":6},"end":{"line":null,"column":-1}},"34":{"start":{"line":99,"column":4},"end":{"line":null,"column":-1}},"35":{"start":{"line":103,"column":4},"end":{"line":null,"column":-1}},"36":{"start":{"line":106,"column":4},"end":{"line":null,"column":-1}},"37":{"start":{"line":111,"column":15},"end":{"line":111,"column":4}},"38":{"start":{"line":112,"column":4},"end":{"line":114,"column":5}},"39":{"start":{"line":113,"column":8},"end":{"line":null,"column":-1}},"40":{"start":{"line":123,"column":16},"end":{"line":123,"column":4}},"41":{"start":{"line":124,"column":4},"end":{"line":null,"column":-1}},"42":{"start":{"line":130,"column":15},"end":{"line":130,"column":4}},"43":{"start":{"line":131,"column":4},"end":{"line":129,"column":29}},"44":{"start":{"line":139,"column":4},"end":{"line":null,"column":-1}},"45":{"start":{"line":140,"column":6},"end":{"line":null,"column":-1}},"46":{"start":{"line":145,"column":4},"end":{"line":null,"column":-1}}},"fnMap":{"0":{"name":"(anonymous_0)","decl":{"start":{"line":4,"column":2},"end":{"line":4,"column":12}},"loc":{"start":{"line":4,"column":22},"end":{"line":3,"column":14}}},"1":{"name":"(anonymous_1)","decl":{"start":{"line":23,"column":2},"end":{"line":23,"column":14}},"loc":{"start":{"line":23,"column":20},"end":{"line":3,"column":14}}},"2":{"name":"(anonymous_2)","decl":{"start":{"line":34,"column":2},"end":{"line":34,"column":8}},"loc":{"start":{"line":34,"column":14},"end":{"line":53,"column":3}}},"3":{"name":"(anonymous_3)","decl":{"start":{"line":37,"column":35},"end":{"line":37,"column":38}},"loc":{"start":{"line":37,"column":43},"end":{"line":37,"column":4}}},"4":{"name":"(anonymous_4)","decl":{"start":{"line":55,"column":2},"end":{"line":55,"column":10}},"loc":{"start":{"line":55,"column":18},"end":{"line":3,"column":14}}},"5":{"name":"(anonymous_5)","decl":{"start":{"line":59,"column":2},"end":{"line":59,"column":16}},"loc":{"start":{"line":59,"column":24},"end":{"line":62,"column":3}}},"6":{"name":"(anonymous_6)","decl":{"start":{"line":64,"column":2},"end":{"line":64,"column":15}},"loc":{"start":{"line":64,"column":23},"end":{"line":83,"column":3}}},"7":{"name":"(anonymous_7)","decl":{"start":{"line":67,"column":34},"end":{"line":67,"column":37}},"loc":{"start":{"line":67,"column":42},"end":{"line":67,"column":4}}},"8":{"name":"(anonymous_8)","decl":{"start":{"line":84,"column":2},"end":{"line":84,"column":5}},"loc":{"start":{"line":84,"column":22},"end":{"line":3,"column":14}}},"9":{"name":"(anonymous_9)","decl":{"start":{"line":89,"column":2},"end":{"line":89,"column":6}},"loc":{"start":{"line":89,"column":23},"end":{"line":96,"column":3}}},"10":{"name":"(anonymous_10)","decl":{"start":{"line":93,"column":35},"end":{"line":93,"column":36}},"loc":{"start":{"line":93,"column":40},"end":{"line":93,"column":4}}},"11":{"name":"(anonymous_11)","decl":{"start":{"line":98,"column":2},"end":{"line":98,"column":13}},"loc":{"start":{"line":98,"column":28},"end":{"line":100,"column":3}}},"12":{"name":"(anonymous_12)","decl":{"start":{"line":102,"column":2},"end":{"line":102,"column":5}},"loc":{"start":{"line":102,"column":22},"end":{"line":104,"column":3}}},"13":{"name":"(anonymous_13)","decl":{"start":{"line":105,"column":2},"end":{"line":105,"column":12}},"loc":{"start":{"line":105,"column":27},"end":{"line":107,"column":3}}},"14":{"name":"(anonymous_14)","decl":{"start":{"line":109,"column":2},"end":{"line":109,"column":13}},"loc":{"start":{"line":109,"column":40},"end":{"line":3,"column":14}}},"15":{"name":"(anonymous_15)","decl":{"start":{"line":118,"column":2},"end":{"line":118,"column":12}},"loc":{"start":{"line":118,"column":20},"end":{"line":3,"column":14}}},"16":{"name":"(anonymous_16)","decl":{"start":{"line":129,"column":2},"end":{"line":129,"column":7}},"loc":{"start":{"line":129,"column":29},"end":{"line":142,"column":3}}},"17":{"name":"(anonymous_17)","decl":{"start":{"line":139,"column":25},"end":{"line":139,"column":35}},"loc":{"start":{"line":139,"column":36},"end":{"line":139,"column":4}}},"18":{"name":"(anonymous_18)","decl":{"start":{"line":144,"column":2},"end":{"line":144,"column":12}},"loc":{"start":{"line":144,"column":27},"end":{"line":146,"column":3}}}},"branchMap":{"0":{"loc":{"start":{"line":8,"column":4},"end":{"line":19,"column":5}},"type":"if","locations":[{"start":{"line":8,"column":4},"end":{"line":19,"column":5}},{"start":{"line":8,"column":4},"end":{"line":19,"column":5}}]},"1":{"loc":{"start":{"line":38,"column":6},"end":{"line":37,"column":43}},"type":"if","locations":[{"start":{"line":38,"column":6},"end":{"line":37,"column":43}},{"start":{"line":38,"column":6},"end":{"line":37,"column":43}}]},"2":{"loc":{"start":{"line":43,"column":13},"end":{"line":37,"column":43}},"type":"if","locations":[{"start":{"line":43,"column":13},"end":{"line":37,"column":43}},{"start":{"line":43,"column":13},"end":{"line":37,"column":43}}]},"3":{"loc":{"start":{"line":49,"column":6},"end":{"line":51,"column":7}},"type":"if","locations":[{"start":{"line":49,"column":6},"end":{"line":51,"column":7}},{"start":{"line":49,"column":6},"end":{"line":51,"column":7}}]},"4":{"loc":{"start":{"line":49,"column":10},"end":{"line":49,"column":9}},"type":"binary-expr","locations":[{"start":{"line":49,"column":10},"end":{"line":49,"column":9}},{"start":{"line":49,"column":29},"end":{"line":49,"column":6}}]},"5":{"loc":{"start":{"line":61,"column":11},"end":{"line":61,"column":10}},"type":"binary-expr","locations":[{"start":{"line":61,"column":11},"end":{"line":61,"column":10}},{"start":{"line":61,"column":34},"end":{"line":61,"column":4}}]},"6":{"loc":{"start":{"line":72,"column":6},"end":{"line":81,"column":7}},"type":"if","locations":[{"start":{"line":72,"column":6},"end":{"line":81,"column":7}},{"start":{"line":72,"column":6},"end":{"line":81,"column":7}}]},"7":{"loc":{"start":{"line":75,"column":8},"end":{"line":75,"column":20}},"type":"binary-expr","locations":[{"start":{"line":75,"column":8},"end":{"line":75,"column":20}},{"start":{"line":75,"column":21},"end":{"line":75,"column":8}}]},"8":{"loc":{"start":{"line":76,"column":13},"end":{"line":81,"column":7}},"type":"if","locations":[{"start":{"line":76,"column":13},"end":{"line":81,"column":7}},{"start":{"line":76,"column":13},"end":{"line":81,"column":7}}]},"9":{"loc":{"start":{"line":111,"column":15},"end":{"line":111,"column":14}},"type":"binary-expr","locations":[{"start":{"line":111,"column":15},"end":{"line":111,"column":14}},{"start":{"line":111,"column":38},"end":{"line":111,"column":4}}]},"10":{"loc":{"start":{"line":112,"column":4},"end":{"line":114,"column":5}},"type":"if","locations":[{"start":{"line":112,"column":4},"end":{"line":114,"column":5}},{"start":{"line":112,"column":4},"end":{"line":114,"column":5}}]},"11":{"loc":{"start":{"line":112,"column":7},"end":{"line":112,"column":16}},"type":"binary-expr","locations":[{"start":{"line":112,"column":7},"end":{"line":112,"column":16}},{"start":{"line":112,"column":20},"end":{"line":112,"column":4}}]},"12":{"loc":{"start":{"line":131,"column":4},"end":{"line":131,"column":6}},"type":"binary-expr","locations":[{"start":{"line":131,"column":4},"end":{"line":131,"column":6}},{"start":{"line":131,"column":10},"end":{"line":131,"column":4}}]},"13":{"loc":{"start":{"line":140,"column":6},"end":{"line":140,"column":8}},"type":"binary-expr","locations":[{"start":{"line":140,"column":6},"end":{"line":140,"column":8}},{"start":{"line":140,"column":12},"end":{"line":140,"column":6}}]}},"s":{"0":0,"1":0,"2":0,"3":0,"4":0,"5":0,"6":0,"7":0,"8":0,"9":0,"10":0,"11":0,"12":0,"13":0,"14":0,"15":0,"16":0,"17":0,"18":0,"19":0,"20":0,"21":0,"22":0,"23":0,"24":0,"25":0,"26":0,"27":0,"28":0,"29":0,"30":0,"31":0,"32":0,"33":0,"34":0,"35":0,"36":0,"37":0,"38":0,"39":0,"40":0,"41":0,"42":0,"43":0,"44":0,"45":0,"46":0},"f":{"0":0,"1":0,"2":0,"3":0,"4":0,"5":0,"6":0,"7":0,"8":0,"9":0,"10":0,"11":0,"12":0,"13":0,"14":0,"15":0,"16":0,"17":0,"18":0},"b":{"0":[0,0],"1":[0,0],"2":[0,0],"3":[0,0],"4":[0,0],"5":[0,0],"6":[0,0],"7":[0,0],"8":[0,0],"9":[0,0],"10":[0,0],"11":[0,0],"12":[0,0],"13":[0,0]}}
,"C:\\Users\\yt037\\Desktop\\kaikeba\\projects\\vue-study\\src\\kvue\\kvue.js": {"path":"C:\\Users\\yt037\\Desktop\\kaikeba\\projects\\vue-study\\src\\kvue\\kvue.js","statementMap":{"0":{"start":{"line":9,"column":4},"end":{"line":null,"column":-1}},"1":{"start":{"line":11,"column":4},"end":{"line":8,"column":23}},"2":{"start":{"line":13,"column":4},"end":{"line":8,"column":23}},"3":{"start":{"line":20,"column":4},"end":{"line":null,"column":-1}},"4":{"start":{"line":22,"column":4},"end":{"line":24,"column":5}},"5":{"start":{"line":23,"column":8},"end":{"line":null,"column":-1}},"6":{"start":{"line":29,"column":4},"end":{"line":28,"column":17}},"7":{"start":{"line":30,"column":6},"end":{"line":null,"column":-1}},"8":{"start":{"line":34,"column":4},"end":{"line":null,"column":-1}},"9":{"start":{"line":36,"column":6},"end":{"line":null,"column":-1}},"10":{"start":{"line":37,"column":6},"end":{"line":null,"column":-1}},"11":{"start":{"line":43,"column":4},"end":{"line":null,"column":-1}},"12":{"start":{"line":45,"column":8},"end":{"line":null,"column":-1}},"13":{"start":{"line":48,"column":8},"end":{"line":null,"column":-1}},"14":{"start":{"line":55,"column":4},"end":{"line":53,"column":32}},"15":{"start":{"line":58,"column":16},"end":{"line":58,"column":4}},"16":{"start":{"line":61,"column":4},"end":{"line":null,"column":-1}},"17":{"start":{"line":64,"column":8},"end":{"line":null,"column":-1}},"18":{"start":{"line":65,"column":8},"end":{"line":null,"column":-1}},"19":{"start":{"line":68,"column":8},"end":{"line":71,"column":9}},"20":{"start":{"line":69,"column":10},"end":{"line":null,"column":-1}},"21":{"start":{"line":70,"column":10},"end":{"line":null,"column":-1}},"22":{"start":{"line":80,"column":4},"end":{"line":null,"column":-1}},"23":{"start":{"line":84,"column":4},"end":{"line":null,"column":-1}},"24":{"start":{"line":88,"column":4},"end":{"line":null,"column":-1}},"25":{"start":{"line":88,"column":33},"end":{"line":88,"column":4}},"26":{"start":{"line":95,"column":4},"end":{"line":null,"column":-1}},"27":{"start":{"line":96,"column":4},"end":{"line":null,"column":-1}},"28":{"start":{"line":97,"column":4},"end":{"line":94,"column":27}},"29":{"start":{"line":100,"column":4},"end":{"line":null,"column":-1}},"30":{"start":{"line":101,"column":4},"end":{"line":94,"column":27}},"31":{"start":{"line":102,"column":4},"end":{"line":null,"column":-1}},"32":{"start":{"line":106,"column":6},"end":{"line":105,"column":11}}},"fnMap":{"0":{"name":"(anonymous_0)","decl":{"start":{"line":8,"column":2},"end":{"line":8,"column":12}},"loc":{"start":{"line":8,"column":23},"end":{"line":7,"column":11}}},"1":{"name":"(anonymous_1)","decl":{"start":{"line":28,"column":2},"end":{"line":28,"column":8}},"loc":{"start":{"line":28,"column":17},"end":{"line":7,"column":11}}},"2":{"name":"(anonymous_2)","decl":{"start":{"line":34,"column":31},"end":{"line":34,"column":33}},"loc":{"start":{"line":34,"column":38},"end":{"line":34,"column":4}}},"3":{"name":"(anonymous_3)","decl":{"start":{"line":42,"column":2},"end":{"line":42,"column":10}},"loc":{"start":{"line":42,"column":17},"end":{"line":7,"column":11}}},"4":{"name":"(anonymous_4)","decl":{"start":{"line":53,"column":2},"end":{"line":53,"column":15}},"loc":{"start":{"line":53,"column":32},"end":{"line":74,"column":3}}},"5":{"name":"(anonymous_5)","decl":{"start":{"line":79,"column":2},"end":{"line":79,"column":12}},"loc":{"start":{"line":79,"column":16},"end":{"line":81,"column":3}}},"6":{"name":"(anonymous_6)","decl":{"start":{"line":83,"column":2},"end":{"line":83,"column":7}},"loc":{"start":{"line":83,"column":18},"end":{"line":85,"column":3}}},"7":{"name":"(anonymous_7)","decl":{"start":{"line":87,"column":2},"end":{"line":87,"column":7}},"loc":{"start":{"line":87,"column":11},"end":{"line":89,"column":3}}},"8":{"name":"(anonymous_8)","decl":{"start":{"line":88,"column":22},"end":{"line":88,"column":28}},"loc":{"start":{"line":88,"column":33},"end":{"line":88,"column":4}}},"9":{"name":"(anonymous_9)","decl":{"start":{"line":94,"column":2},"end":{"line":94,"column":12}},"loc":{"start":{"line":94,"column":27},"end":{"line":103,"column":3}}},"10":{"name":"(anonymous_10)","decl":{"start":{"line":105,"column":2},"end":{"line":105,"column":7}},"loc":{"start":{"line":105,"column":11},"end":{"line":108,"column":3}}}},"branchMap":{"0":{"loc":{"start":{"line":22,"column":4},"end":{"line":24,"column":5}},"type":"if","locations":[{"start":{"line":22,"column":4},"end":{"line":24,"column":5}},{"start":{"line":22,"column":4},"end":{"line":24,"column":5}}]},"1":{"loc":{"start":{"line":29,"column":4},"end":{"line":28,"column":17}},"type":"if","locations":[{"start":{"line":29,"column":4},"end":{"line":28,"column":17}},{"start":{"line":29,"column":4},"end":{"line":28,"column":17}}]},"2":{"loc":{"start":{"line":29,"column":8},"end":{"line":29,"column":7}},"type":"binary-expr","locations":[{"start":{"line":29,"column":8},"end":{"line":29,"column":7}},{"start":{"line":29,"column":18},"end":{"line":29,"column":4}}]},"3":{"loc":{"start":{"line":64,"column":8},"end":{"line":64,"column":7}},"type":"binary-expr","locations":[{"start":{"line":64,"column":8},"end":{"line":64,"column":7}},{"start":{"line":64,"column":22},"end":{"line":64,"column":8}}]},"4":{"loc":{"start":{"line":68,"column":8},"end":{"line":71,"column":9}},"type":"if","locations":[{"start":{"line":68,"column":8},"end":{"line":71,"column":9}},{"start":{"line":68,"column":8},"end":{"line":71,"column":9}}]}},"s":{"0":0,"1":0,"2":0,"3":0,"4":0,"5":0,"6":0,"7":0,"8":0,"9":0,"10":0,"11":0,"12":0,"13":0,"14":0,"15":0,"16":0,"17":0,"18":0,"19":0,"20":0,"21":0,"22":0,"23":0,"24":0,"25":0,"26":0,"27":0,"28":0,"29":0,"30":0,"31":0,"32":0},"f":{"0":0,"1":0,"2":0,"3":0,"4":0,"5":0,"6":0,"7":0,"8":0,"9":0,"10":0},"b":{"0":[0,0],"1":[0,0],"2":[0,0],"3":[0,0],"4":[0,0]}}
,"C:\\Users\\yt037\\Desktop\\kaikeba\\projects\\vue-study\\src\\layout\\index.vue": {"path":"C:\\Users\\yt037\\Desktop\\kaikeba\\projects\\vue-study\\src\\layout\\index.vue","statementMap":{"0":{"start":{"line":11,"column":0},"end":{"line":null,"column":-1}},"1":{"start":{"line":12,"column":0},"end":{"line":null,"column":-1}}},"fnMap":{},"branchMap":{},"s":{"0":0,"1":0},"f":{},"b":{}}
,"C:\\Users\\yt037\\Desktop\\kaikeba\\projects\\vue-study\\src\\plugins\\element.js": {"path":"C:\\Users\\yt037\\Desktop\\kaikeba\\projects\\vue-study\\src\\plugins\\element.js","statementMap":{"0":{"start":{"line":1,"column":0},"end":{"line":null,"column":-1}},"1":{"start":{"line":2,"column":0},"end":{"line":null,"column":-1}},"2":{"start":{"line":3,"column":0},"end":{"line":null,"column":-1}},"3":{"start":{"line":5,"column":0},"end":{"line":null,"column":-1}}},"fnMap":{},"branchMap":{},"s":{"0":0,"1":0,"2":0,"3":0},"f":{},"b":{}}
,"C:\\Users\\yt037\\Desktop\\kaikeba\\projects\\vue-study\\src\\router\\index.js": {"path":"C:\\Users\\yt037\\Desktop\\kaikeba\\projects\\vue-study\\src\\router\\index.js","statementMap":{"0":{"start":{"line":1,"column":0},"end":{"line":null,"column":-1}},"1":{"start":{"line":2,"column":0},"end":{"line":null,"column":-1}},"2":{"start":{"line":3,"column":0},"end":{"line":null,"column":-1}},"3":{"start":{"line":8,"column":27},"end":{"line":8,"column":7}},"4":{"start":{"line":11,"column":15},"end":{"line":9,"column":2}},"5":{"start":{"line":11,"column":15},"end":{"line":9,"column":1}},"6":{"start":{"line":22,"column":19},"end":{"line":20,"column":6}},"7":{"start":{"line":22,"column":19},"end":{"line":20,"column":5}},"8":{"start":{"line":32,"column":19},"end":{"line":30,"column":6}},"9":{"start":{"line":32,"column":19},"end":{"line":30,"column":5}},"10":{"start":{"line":45,"column":27},"end":{"line":45,"column":7}},"11":{"start":{"line":54,"column":21},"end":{"line":52,"column":8}},"12":{"start":{"line":54,"column":21},"end":{"line":52,"column":7}},"13":{"start":{"line":65,"column":21},"end":{"line":63,"column":8}},"14":{"start":{"line":65,"column":21},"end":{"line":63,"column":7}}},"fnMap":{"0":{"name":"(anonymous_0)","decl":{"start":{"line":11,"column":15},"end":{"line":11,"column":27}},"loc":{"start":{"line":11,"column":15},"end":{"line":9,"column":2}}},"1":{"name":"(anonymous_2)","decl":{"start":{"line":22,"column":19},"end":{"line":23,"column":47}},"loc":{"start":{"line":22,"column":19},"end":{"line":20,"column":6}}},"2":{"name":"(anonymous_4)","decl":{"start":{"line":32,"column":19},"end":{"line":33,"column":47}},"loc":{"start":{"line":32,"column":19},"end":{"line":30,"column":6}}},"3":{"name":"(anonymous_6)","decl":{"start":{"line":54,"column":21},"end":{"line":55,"column":49}},"loc":{"start":{"line":54,"column":21},"end":{"line":52,"column":8}}},"4":{"name":"(anonymous_8)","decl":{"start":{"line":65,"column":21},"end":{"line":66,"column":49}},"loc":{"start":{"line":65,"column":21},"end":{"line":63,"column":8}}}},"branchMap":{},"s":{"0":0,"1":0,"2":0,"3":0,"4":0,"5":0,"6":0,"7":0,"8":0,"9":0,"10":0,"11":0,"12":0,"13":0,"14":0},"f":{"0":0,"1":0,"2":0,"3":0,"4":0},"b":{}}
,"C:\\Users\\yt037\\Desktop\\kaikeba\\projects\\vue-study\\src\\router\\router.js": {"path":"C:\\Users\\yt037\\Desktop\\kaikeba\\projects\\vue-study\\src\\router\\router.js","statementMap":{"0":{"start":{"line":1,"column":0},"end":{"line":null,"column":-1}},"1":{"start":{"line":2,"column":0},"end":{"line":null,"column":-1}},"2":{"start":{"line":3,"column":0},"end":{"line":null,"column":-1}},"3":{"start":{"line":4,"column":0},"end":{"line":null,"column":-1}},"4":{"start":{"line":5,"column":0},"end":{"line":null,"column":-1}},"5":{"start":{"line":7,"column":0},"end":{"line":null,"column":-1}},"6":{"start":{"line":9,"column":15},"end":{"line":9,"column":0}},"7":{"start":{"line":34,"column":15},"end":{"line":null,"column":-1}},"8":{"start":{"line":38,"column":15},"end":{"line":38,"column":0}},"9":{"start":{"line":41,"column":0},"end":{"line":null,"column":-1}},"10":{"start":{"line":43,"column":2},"end":{"line":54,"column":3}},"11":{"start":{"line":45,"column":4},"end":{"line":51,"column":5}},"12":{"start":{"line":46,"column":6},"end":{"line":null,"column":-1}},"13":{"start":{"line":47,"column":6},"end":{"line":45,"column":31}},"14":{"start":{"line":50,"column":6},"end":{"line":49,"column":11}},"15":{"start":{"line":53,"column":4},"end":{"line":52,"column":9}}},"fnMap":{"0":{"name":"(anonymous_0)","decl":{"start":{"line":34,"column":15},"end":{"line":null,"column":-1}},"loc":{"start":{"line":34,"column":15},"end":{"line":null,"column":-1}}},"1":{"name":"(anonymous_2)","decl":{"start":{"line":41,"column":18},"end":{"line":41,"column":19}},"loc":{"start":{"line":41,"column":38},"end":{"line":41,"column":0}}}},"branchMap":{"0":{"loc":{"start":{"line":43,"column":2},"end":{"line":54,"column":3}},"type":"if","locations":[{"start":{"line":43,"column":2},"end":{"line":54,"column":3}},{"start":{"line":43,"column":2},"end":{"line":54,"column":3}}]},"1":{"loc":{"start":{"line":43,"column":6},"end":{"line":43,"column":5}},"type":"binary-expr","locations":[{"start":{"line":43,"column":6},"end":{"line":43,"column":5}},{"start":{"line":43,"column":22},"end":{"line":43,"column":2}}]},"2":{"loc":{"start":{"line":45,"column":4},"end":{"line":51,"column":5}},"type":"if","locations":[{"start":{"line":45,"column":4},"end":{"line":51,"column":5}},{"start":{"line":45,"column":4},"end":{"line":51,"column":5}}]}},"s":{"0":0,"1":0,"2":0,"3":0,"4":0,"5":0,"6":0,"7":0,"8":0,"9":0,"10":0,"11":0,"12":0,"13":0,"14":0,"15":0},"f":{"0":0,"1":0},"b":{"0":[0,0],"1":[0,0],"2":[0,0]}}
,"C:\\Users\\yt037\\Desktop\\kaikeba\\projects\\vue-study\\src\\server\\index.js": {"path":"C:\\Users\\yt037\\Desktop\\kaikeba\\projects\\vue-study\\src\\server\\index.js","statementMap":{"0":{"start":{"line":1,"column":16},"end":{"line":1,"column":0}},"1":{"start":{"line":2,"column":12},"end":{"line":2,"column":0}},"2":{"start":{"line":3,"column":19},"end":{"line":3,"column":0}},"3":{"start":{"line":5,"column":0},"end":{"line":null,"column":-1}},"4":{"start":{"line":6,"column":0},"end":{"line":null,"column":-1}},"5":{"start":{"line":12,"column":0},"end":{"line":null,"column":-1}},"6":{"start":{"line":13,"column":23},"end":{"line":13,"column":2}},"7":{"start":{"line":14,"column":4},"end":{"line":null,"column":-1}},"8":{"start":{"line":16,"column":2},"end":{"line":26,"column":3}},"9":{"start":{"line":17,"column":4},"end":{"line":null,"column":-1}},"10":{"start":{"line":22,"column":4},"end":{"line":null,"column":-1}},"11":{"start":{"line":29,"column":0},"end":{"line":null,"column":-1}},"12":{"start":{"line":30,"column":4},"end":{"line":null,"column":-1}},"13":{"start":{"line":32,"column":16},"end":{"line":32,"column":2}},"14":{"start":{"line":33,"column":2},"end":{"line":null,"column":-1}},"15":{"start":{"line":39,"column":0},"end":{"line":null,"column":-1}}},"fnMap":{"0":{"name":"(anonymous_0)","decl":{"start":{"line":12,"column":24},"end":{"line":12,"column":25}},"loc":{"start":{"line":12,"column":38},"end":{"line":12,"column":0}}},"1":{"name":"(anonymous_1)","decl":{"start":{"line":29,"column":22},"end":{"line":29,"column":23}},"loc":{"start":{"line":29,"column":36},"end":{"line":29,"column":0}}}},"branchMap":{"0":{"loc":{"start":{"line":16,"column":2},"end":{"line":26,"column":3}},"type":"if","locations":[{"start":{"line":16,"column":2},"end":{"line":26,"column":3}},{"start":{"line":16,"column":2},"end":{"line":26,"column":3}}]},"1":{"loc":{"start":{"line":16,"column":6},"end":{"line":16,"column":5}},"type":"binary-expr","locations":[{"start":{"line":16,"column":6},"end":{"line":16,"column":5}},{"start":{"line":16,"column":30},"end":{"line":16,"column":2}}]},"2":{"loc":{"start":{"line":32,"column":53},"end":{"line":32,"column":16}},"type":"cond-expr","locations":[{"start":{"line":32,"column":53},"end":{"line":32,"column":16}},{"start":{"line":32,"column":65},"end":{"line":32,"column":2}}]}},"s":{"0":0,"1":0,"2":0,"3":0,"4":0,"5":0,"6":0,"7":0,"8":0,"9":0,"10":0,"11":0,"12":0,"13":0,"14":0,"15":0},"f":{"0":0,"1":0},"b":{"0":[0,0],"1":[0,0],"2":[0,0]}}
,"C:\\Users\\yt037\\Desktop\\kaikeba\\projects\\vue-study\\src\\store\\index.js": {"path":"C:\\Users\\yt037\\Desktop\\kaikeba\\projects\\vue-study\\src\\store\\index.js","statementMap":{"0":{"start":{"line":1,"column":0},"end":{"line":null,"column":-1}},"1":{"start":{"line":2,"column":0},"end":{"line":null,"column":-1}},"2":{"start":{"line":3,"column":0},"end":{"line":null,"column":-1}},"3":{"start":{"line":4,"column":0},"end":{"line":null,"column":-1}},"4":{"start":{"line":6,"column":0},"end":{"line":null,"column":-1}},"5":{"start":{"line":8,"column":14},"end":{"line":8,"column":0}},"6":{"start":{"line":12,"column":20},"end":{"line":11,"column":11}},"7":{"start":{"line":13,"column":20},"end":{"line":11,"column":11}},"8":{"start":{"line":14,"column":32},"end":{"line":14,"column":49}}},"fnMap":{"0":{"name":"(anonymous_0)","decl":{"start":{"line":12,"column":11},"end":{"line":12,"column":15}},"loc":{"start":{"line":12,"column":20},"end":{"line":11,"column":11}}},"1":{"name":"(anonymous_1)","decl":{"start":{"line":13,"column":11},"end":{"line":13,"column":15}},"loc":{"start":{"line":13,"column":20},"end":{"line":11,"column":11}}},"2":{"name":"(anonymous_2)","decl":{"start":{"line":14,"column":23},"end":{"line":14,"column":27}},"loc":{"start":{"line":14,"column":32},"end":{"line":14,"column":49}}}},"branchMap":{},"s":{"0":0,"1":0,"2":0,"3":0,"4":0,"5":0,"6":0,"7":0,"8":0},"f":{"0":0,"1":0,"2":0},"b":{}}
,"C:\\Users\\yt037\\Desktop\\kaikeba\\projects\\vue-study\\src\\store\\store.js": {"path":"C:\\Users\\yt037\\Desktop\\kaikeba\\projects\\vue-study\\src\\store\\store.js","statementMap":{"0":{"start":{"line":1,"column":0},"end":{"line":null,"column":-1}},"1":{"start":{"line":2,"column":0},"end":{"line":null,"column":-1}},"2":{"start":{"line":4,"column":0},"end":{"line":null,"column":-1}},"3":{"start":{"line":10,"column":6},"end":{"line":null,"column":-1}},"4":{"start":{"line":15,"column":6},"end":{"line":null,"column":-1}},"5":{"start":{"line":20,"column":6},"end":{"line":null,"column":-1}},"6":{"start":{"line":21,"column":8},"end":{"line":null,"column":-1}}},"fnMap":{"0":{"name":"(anonymous_0)","decl":{"start":{"line":20,"column":17},"end":{"line":20,"column":22}},"loc":{"start":{"line":20,"column":23},"end":{"line":20,"column":16}}}},"branchMap":{"0":{"loc":{"start":{"line":9,"column":25},"end":{"line":9,"column":13}},"type":"default-arg","locations":[{"start":{"line":9,"column":25},"end":{"line":9,"column":13}}]}},"s":{"0":0,"1":0,"2":0,"3":0,"4":0,"5":0,"6":0},"f":{"0":0},"b":{"0":[0]}}
,"C:\\Users\\yt037\\Desktop\\kaikeba\\projects\\vue-study\\src\\store\\modules\\permission.js": {"path":"C:\\Users\\yt037\\Desktop\\kaikeba\\projects\\vue-study\\src\\store\\modules\\permission.js","statementMap":{"0":{"start":{"line":1,"column":0},"end":{"line":null,"column":-1}},"1":{"start":{"line":10,"column":2},"end":{"line":16,"column":3}},"2":{"start":{"line":12,"column":4},"end":{"line":null,"column":-1}},"3":{"start":{"line":12,"column":30},"end":{"line":12,"column":11}},"4":{"start":{"line":15,"column":4},"end":{"line":null,"column":-1}},"5":{"start":{"line":25,"column":14},"end":{"line":25,"column":2}},"6":{"start":{"line":27,"column":2},"end":{"line":null,"column":-1}},"7":{"start":{"line":29,"column":16},"end":{"line":29,"column":4}},"8":{"start":{"line":31,"column":4},"end":{"line":37,"column":5}},"9":{"start":{"line":33,"column":6},"end":{"line":35,"column":7}},"10":{"start":{"line":34,"column":8},"end":{"line":null,"column":-1}},"11":{"start":{"line":36,"column":6},"end":{"line":null,"column":-1}},"12":{"start":{"line":40,"column":2},"end":{"line":null,"column":-1}},"13":{"start":{"line":43,"column":14},"end":{"line":43,"column":0}},"14":{"start":{"line":48,"column":18},"end":{"line":48,"column":0}},"15":{"start":{"line":51,"column":4},"end":{"line":49,"column":33}},"16":{"start":{"line":53,"column":4},"end":{"line":null,"column":-1}},"17":{"start":{"line":57,"column":16},"end":{"line":57,"column":0}},"18":{"start":{"line":60,"column":4},"end":{"line":null,"column":-1}},"19":{"start":{"line":63,"column":6},"end":{"line":68,"column":7}},"20":{"start":{"line":64,"column":8},"end":{"line":null,"column":-1}},"21":{"start":{"line":67,"column":8},"end":{"line":null,"column":-1}},"22":{"start":{"line":69,"column":6},"end":{"line":null,"column":-1}},"23":{"start":{"line":70,"column":6},"end":{"line":null,"column":-1}}},"fnMap":{"0":{"name":"hasPermission","decl":{"start":{"line":8,"column":9},"end":{"line":8,"column":0}},"loc":{"start":{"line":8,"column":37},"end":{"line":17,"column":1}}},"1":{"name":"(anonymous_1)","decl":{"start":{"line":12,"column":22},"end":{"line":12,"column":25}},"loc":{"start":{"line":12,"column":30},"end":{"line":12,"column":11}}},"2":{"name":"filterAsyncRoutes","decl":{"start":{"line":24,"column":16},"end":{"line":24,"column":7}},"loc":{"start":{"line":24,"column":49},"end":{"line":41,"column":1}}},"3":{"name":"(anonymous_3)","decl":{"start":{"line":27,"column":17},"end":{"line":27,"column":21}},"loc":{"start":{"line":27,"column":26},"end":{"line":27,"column":2}}},"4":{"name":"(anonymous_4)","decl":{"start":{"line":49,"column":14},"end":{"line":49,"column":15}},"loc":{"start":{"line":49,"column":33},"end":{"line":54,"column":3}}},"5":{"name":"(anonymous_5)","decl":{"start":{"line":60,"column":23},"end":{"line":60,"column":29}},"loc":{"start":{"line":60,"column":34},"end":{"line":60,"column":11}}}},"branchMap":{"0":{"loc":{"start":{"line":10,"column":2},"end":{"line":16,"column":3}},"type":"if","locations":[{"start":{"line":10,"column":2},"end":{"line":16,"column":3}},{"start":{"line":10,"column":2},"end":{"line":16,"column":3}}]},"1":{"loc":{"start":{"line":10,"column":6},"end":{"line":10,"column":5}},"type":"binary-expr","locations":[{"start":{"line":10,"column":6},"end":{"line":10,"column":5}},{"start":{"line":10,"column":20},"end":{"line":10,"column":2}}]},"2":{"loc":{"start":{"line":31,"column":4},"end":{"line":37,"column":5}},"type":"if","locations":[{"start":{"line":31,"column":4},"end":{"line":37,"column":5}},{"start":{"line":31,"column":4},"end":{"line":37,"column":5}}]},"3":{"loc":{"start":{"line":33,"column":6},"end":{"line":35,"column":7}},"type":"if","locations":[{"start":{"line":33,"column":6},"end":{"line":35,"column":7}},{"start":{"line":33,"column":6},"end":{"line":35,"column":7}}]},"4":{"loc":{"start":{"line":63,"column":6},"end":{"line":68,"column":7}},"type":"if","locations":[{"start":{"line":63,"column":6},"end":{"line":68,"column":7}},{"start":{"line":63,"column":6},"end":{"line":68,"column":7}}]},"5":{"loc":{"start":{"line":64,"column":25},"end":{"line":64,"column":39}},"type":"binary-expr","locations":[{"start":{"line":64,"column":25},"end":{"line":64,"column":39}},{"start":{"line":64,"column":40},"end":{"line":64,"column":8}}]}},"s":{"0":0,"1":0,"2":0,"3":0,"4":0,"5":0,"6":0,"7":0,"8":0,"9":0,"10":0,"11":0,"12":0,"13":0,"14":0,"15":0,"16":0,"17":0,"18":0,"19":0,"20":0,"21":0,"22":0,"23":0},"f":{"0":0,"1":0,"2":0,"3":0,"4":0,"5":0},"b":{"0":[0,0],"1":[0,0],"2":[0,0],"3":[0,0],"4":[0,0],"5":[0,0]}}
,"C:\\Users\\yt037\\Desktop\\kaikeba\\projects\\vue-study\\src\\store\\modules\\user.js": {"path":"C:\\Users\\yt037\\Desktop\\kaikeba\\projects\\vue-study\\src\\store\\modules\\user.js","statementMap":{"0":{"start":{"line":1,"column":0},"end":{"line":null,"column":-1}},"1":{"start":{"line":2,"column":0},"end":{"line":null,"column":-1}},"2":{"start":{"line":5,"column":14},"end":{"line":5,"column":0}},"3":{"start":{"line":11,"column":18},"end":{"line":11,"column":0}},"4":{"start":{"line":13,"column":4},"end":{"line":null,"column":-1}},"5":{"start":{"line":16,"column":4},"end":{"line":null,"column":-1}},"6":{"start":{"line":20,"column":16},"end":{"line":20,"column":0}},"7":{"start":{"line":24,"column":4},"end":{"line":22,"column":30}},"8":{"start":{"line":25,"column":6},"end":{"line":null,"column":-1}},"9":{"start":{"line":26,"column":6},"end":{"line":null,"column":-1}},"10":{"start":{"line":46,"column":4},"end":{"line":45,"column":29}},"11":{"start":{"line":47,"column":6},"end":{"line":null,"column":-1}},"12":{"start":{"line":48,"column":6},"end":{"line":null,"column":-1}},"13":{"start":{"line":61,"column":4},"end":{"line":null,"column":-1}},"14":{"start":{"line":62,"column":6},"end":{"line":null,"column":-1}},"15":{"start":{"line":63,"column":6},"end":{"line":null,"column":-1}},"16":{"start":{"line":64,"column":6},"end":{"line":null,"column":-1}},"17":{"start":{"line":65,"column":6},"end":{"line":65,"column":13}}},"fnMap":{"0":{"name":"(anonymous_0)","decl":{"start":{"line":12,"column":13},"end":{"line":12,"column":14}},"loc":{"start":{"line":12,"column":31},"end":{"line":11,"column":18}}},"1":{"name":"(anonymous_1)","decl":{"start":{"line":15,"column":13},"end":{"line":15,"column":14}},"loc":{"start":{"line":15,"column":31},"end":{"line":17,"column":3}}},"2":{"name":"(anonymous_2)","decl":{"start":{"line":24,"column":33},"end":{"line":24,"column":31}},"loc":{"start":{"line":24,"column":41},"end":{"line":24,"column":11}}},"3":{"name":"(anonymous_3)","decl":{"start":{"line":46,"column":37},"end":{"line":46,"column":38}},"loc":{"start":{"line":46,"column":56},"end":{"line":46,"column":11}}},"4":{"name":"(anonymous_4)","decl":{"start":{"line":61,"column":23},"end":{"line":61,"column":29}},"loc":{"start":{"line":61,"column":34},"end":{"line":61,"column":11}}}},"branchMap":{},"s":{"0":0,"1":0,"2":0,"3":0,"4":0,"5":0,"6":0,"7":0,"8":0,"9":0,"10":0,"11":0,"12":0,"13":0,"14":0,"15":0,"16":0,"17":0},"f":{"0":0,"1":0,"2":0,"3":0,"4":0},"b":{}}
,"C:\\Users\\yt037\\Desktop\\kaikeba\\projects\\vue-study\\src\\utils\\auth.js": {"path":"C:\\Users\\yt037\\Desktop\\kaikeba\\projects\\vue-study\\src\\utils\\auth.js","statementMap":{"0":{"start":{"line":1,"column":0},"end":{"line":null,"column":-1}},"1":{"start":{"line":3,"column":14},"end":{"line":3,"column":0}},"2":{"start":{"line":6,"column":2},"end":{"line":null,"column":-1}},"3":{"start":{"line":10,"column":2},"end":{"line":null,"column":-1}},"4":{"start":{"line":14,"column":2},"end":{"line":null,"column":-1}}},"fnMap":{"0":{"name":"getToken","decl":{"start":{"line":5,"column":16},"end":{"line":5,"column":7}},"loc":{"start":{"line":5,"column":27},"end":{"line":7,"column":1}}},"1":{"name":"setToken","decl":{"start":{"line":9,"column":16},"end":{"line":9,"column":7}},"loc":{"start":{"line":9,"column":32},"end":{"line":11,"column":1}}},"2":{"name":"removeToken","decl":{"start":{"line":13,"column":16},"end":{"line":13,"column":7}},"loc":{"start":{"line":13,"column":30},"end":{"line":15,"column":1}}}},"branchMap":{},"s":{"0":0,"1":0,"2":0,"3":0,"4":0},"f":{"0":0,"1":0,"2":0},"b":{}}
,"C:\\Users\\yt037\\Desktop\\kaikeba\\projects\\vue-study\\src\\utils\\create.js": {"path":"C:\\Users\\yt037\\Desktop\\kaikeba\\projects\\vue-study\\src\\utils\\create.js","statementMap":{"0":{"start":{"line":1,"column":0},"end":{"line":null,"column":-1}},"1":{"start":{"line":5,"column":15},"end":{"line":5,"column":4}},"2":{"start":{"line":8,"column":12},"end":{"line":null,"column":-1}},"3":{"start":{"line":13,"column":4},"end":{"line":3,"column":49}},"4":{"start":{"line":16,"column":17},"end":{"line":16,"column":4}},"5":{"start":{"line":17,"column":4},"end":{"line":null,"column":-1}},"6":{"start":{"line":18,"column":8},"end":{"line":null,"column":-1}},"7":{"start":{"line":19,"column":8},"end":{"line":null,"column":-1}},"8":{"start":{"line":21,"column":4},"end":{"line":null,"column":-1}}},"fnMap":{"0":{"name":"create","decl":{"start":{"line":3,"column":24},"end":{"line":3,"column":15}},"loc":{"start":{"line":3,"column":49},"end":{"line":22,"column":1}}},"1":{"name":"(anonymous_1)","decl":{"start":{"line":17,"column":18},"end":{"line":17,"column":28}},"loc":{"start":{"line":17,"column":29},"end":{"line":17,"column":4}}}},"branchMap":{},"s":{"0":0,"1":0,"2":0,"3":0,"4":0,"5":0,"6":0,"7":0,"8":0},"f":{"0":0,"1":0},"b":{}}
,"C:\\Users\\yt037\\Desktop\\kaikeba\\projects\\vue-study\\src\\utils\\request.js": {"path":"C:\\Users\\yt037\\Desktop\\kaikeba\\projects\\vue-study\\src\\utils\\request.js","statementMap":{"0":{"start":{"line":1,"column":0},"end":{"line":null,"column":-1}},"1":{"start":{"line":2,"column":0},"end":{"line":null,"column":-1}},"2":{"start":{"line":3,"column":0},"end":{"line":null,"column":-1}},"3":{"start":{"line":4,"column":0},"end":{"line":null,"column":-1}},"4":{"start":{"line":7,"column":16},"end":{"line":7,"column":0}},"5":{"start":{"line":18,"column":4},"end":{"line":21,"column":5}},"6":{"start":{"line":20,"column":6},"end":{"line":null,"column":-1}},"7":{"start":{"line":22,"column":4},"end":{"line":null,"column":-1}},"8":{"start":{"line":27,"column":4},"end":{"line":null,"column":-1}},"9":{"start":{"line":32,"column":0},"end":{"line":null,"column":-1}},"10":{"start":{"line":36,"column":16},"end":{"line":36,"column":4}},"11":{"start":{"line":39,"column":4},"end":{"line":66,"column":5}},"12":{"start":{"line":40,"column":6},"end":{"line":39,"column":24}},"13":{"start":{"line":47,"column":6},"end":{"line":62,"column":7}},"14":{"start":{"line":49,"column":8},"end":{"line":null,"column":-1}},"15":{"start":{"line":58,"column":10},"end":{"line":null,"column":-1}},"16":{"start":{"line":59,"column":12},"end":{"line":null,"column":-1}},"17":{"start":{"line":63,"column":6},"end":{"line":null,"column":-1}},"18":{"start":{"line":65,"column":6},"end":{"line":null,"column":-1}},"19":{"start":{"line":70,"column":4},"end":{"line":null,"column":-1}},"20":{"start":{"line":75,"column":4},"end":{"line":null,"column":-1}}},"fnMap":{"0":{"name":"(anonymous_0)","decl":{"start":{"line":15,"column":2},"end":{"line":15,"column":7}},"loc":{"start":{"line":15,"column":12},"end":{"line":14,"column":0}}},"1":{"name":"(anonymous_1)","decl":{"start":{"line":24,"column":2},"end":{"line":24,"column":6}},"loc":{"start":{"line":24,"column":11},"end":{"line":14,"column":0}}},"2":{"name":"(anonymous_2)","decl":{"start":{"line":34,"column":2},"end":{"line":34,"column":9}},"loc":{"start":{"line":34,"column":14},"end":{"line":32,"column":0}}},"3":{"name":"(anonymous_3)","decl":{"start":{"line":57,"column":15},"end":{"line":57,"column":20}},"loc":{"start":{"line":57,"column":21},"end":{"line":49,"column":8}}},"4":{"name":"(anonymous_4)","decl":{"start":{"line":58,"column":49},"end":{"line":58,"column":54}},"loc":{"start":{"line":58,"column":55},"end":{"line":58,"column":10}}},"5":{"name":"(anonymous_5)","decl":{"start":{"line":68,"column":2},"end":{"line":68,"column":6}},"loc":{"start":{"line":68,"column":11},"end":{"line":32,"column":0}}}},"branchMap":{"0":{"loc":{"start":{"line":18,"column":4},"end":{"line":21,"column":5}},"type":"if","locations":[{"start":{"line":18,"column":4},"end":{"line":21,"column":5}},{"start":{"line":18,"column":4},"end":{"line":21,"column":5}}]},"1":{"loc":{"start":{"line":39,"column":4},"end":{"line":66,"column":5}},"type":"if","locations":[{"start":{"line":39,"column":4},"end":{"line":66,"column":5}},{"start":{"line":39,"column":4},"end":{"line":66,"column":5}}]},"2":{"loc":{"start":{"line":41,"column":17},"end":{"line":41,"column":16}},"type":"binary-expr","locations":[{"start":{"line":41,"column":17},"end":{"line":41,"column":16}},{"start":{"line":41,"column":32},"end":{"line":40,"column":14}}]},"3":{"loc":{"start":{"line":47,"column":6},"end":{"line":62,"column":7}},"type":"if","locations":[{"start":{"line":47,"column":6},"end":{"line":62,"column":7}},{"start":{"line":47,"column":6},"end":{"line":62,"column":7}}]},"4":{"loc":{"start":{"line":47,"column":10},"end":{"line":47,"column":9}},"type":"binary-expr","locations":[{"start":{"line":47,"column":10},"end":{"line":47,"column":9}},{"start":{"line":47,"column":32},"end":{"line":47,"column":10}},{"start":{"line":47,"column":54},"end":{"line":47,"column":6}}]},"5":{"loc":{"start":{"line":63,"column":38},"end":{"line":63,"column":37}},"type":"binary-expr","locations":[{"start":{"line":63,"column":38},"end":{"line":63,"column":37}},{"start":{"line":63,"column":53},"end":{"line":63,"column":28}}]}},"s":{"0":0,"1":0,"2":0,"3":0,"4":0,"5":0,"6":0,"7":0,"8":0,"9":0,"10":0,"11":0,"12":0,"13":0,"14":0,"15":0,"16":0,"17":0,"18":0,"19":0,"20":0},"f":{"0":0,"1":0,"2":0,"3":0,"4":0,"5":0},"b":{"0":[0,0],"1":[0,0],"2":[0,0],"3":[0,0],"4":[0,0,0],"5":[0,0]}}
,"C:\\Users\\yt037\\Desktop\\kaikeba\\projects\\vue-study\\src\\views\\Home.vue": {"path":"C:\\Users\\yt037\\Desktop\\kaikeba\\projects\\vue-study\\src\\views\\Home.vue","statementMap":{"0":{"start":{"line":13,"column":0},"end":{"line":null,"column":-1}},"1":{"start":{"line":14,"column":0},"end":{"line":null,"column":-1}}},"fnMap":{},"branchMap":{},"s":{"0":0,"1":0},"f":{},"b":{}}
,"C:\\Users\\yt037\\Desktop\\kaikeba\\projects\\vue-study\\src\\views\\Login.vue": {"path":"C:\\Users\\yt037\\Desktop\\kaikeba\\projects\\vue-study\\src\\views\\Login.vue","statementMap":{"0":{"start":{"line":13,"column":0},"end":{"line":null,"column":-1}},"1":{"start":{"line":20,"column":0},"end":{"line":30,"column":0}},"2":{"start":{"line":24,"column":0},"end":{"line":null,"column":-1}},"3":{"start":{"line":29,"column":0},"end":{"line":null,"column":-1}}},"fnMap":{"0":{"name":"(anonymous_1)","decl":{"start":{"line":21,"column":0},"end":{"line":null,"column":-1}},"loc":{"start":{"line":21,"column":0},"end":{"line":27,"column":0}}},"1":{"name":"(anonymous_2)","decl":{"start":{"line":27,"column":0},"end":{"line":null,"column":-1}},"loc":{"start":{"line":27,"column":0},"end":{"line":30,"column":0}}}},"branchMap":{"0":{"loc":{"start":{"line":25,"column":0},"end":{"line":null,"column":-1}},"type":"binary-expr","locations":[{"start":{"line":25,"column":0},"end":{"line":null,"column":-1}},{"start":{"line":25,"column":0},"end":{"line":null,"column":-1}}]}},"s":{"0":0,"1":0,"2":0,"3":0},"f":{"0":0,"1":0},"b":{"0":[0,0]}}
}
