TN:
SF:C:\Users\yt037\Desktop\kaikeba\projects\vue-study\src\App.vue
FNF:0
FNH:0
DA:12,0
LF:1
LH:0
BRF:0
BRH:0
end_of_record
TN:
SF:C:\Users\yt037\Desktop\kaikeba\projects\vue-study\src\krouter.js
FN:6,(anonymous_0)
FN:18,(anonymous_1)
FN:24,(anonymous_2)
FN:28,(anonymous_3)
FN:31,(anonymous_4)
FN:32,(anonymous_5)
FN:36,(anonymous_6)
FN:51,(anonymous_7)
FN:58,(anonymous_8)
FNF:9
FNH:0
FNDA:0,(anonymous_0)
FNDA:0,(anonymous_1)
FNDA:0,(anonymous_2)
FNDA:0,(anonymous_3)
FNDA:0,(anonymous_4)
FNDA:0,(anonymous_5)
FNDA:0,(anonymous_6)
FNDA:0,(anonymous_7)
FNDA:0,(anonymous_8)
DA:1,0
DA:2,0
DA:3,0
DA:7,0
DA:8,0
DA:11,0
DA:19,0
DA:20,0
DA:21,0
DA:25,0
DA:26,0
DA:29,0
DA:32,0
DA:33,0
DA:39,0
DA:43,0
DA:50,0
DA:52,0
DA:53,0
DA:58,0
DA:60,0
DA:63,0
DA:65,0
DA:66,0
DA:72,0
LF:25
LH:0
BRDA:29,0,0,0
BRDA:29,0,1,0
BRDA:63,1,0,0
BRDA:63,1,1,0
BRF:4
BRH:0
end_of_record
TN:
SF:C:\Users\yt037\Desktop\kaikeba\projects\vue-study\src\kstore.js
FN:20,(anonymous_0)
FNF:1
FNH:0
FNDA:0,(anonymous_0)
DA:1,0
DA:2,0
DA:4,0
DA:10,0
DA:15,0
DA:20,0
DA:21,0
LF:7
LH:0
BRDA:9,0,0,0
BRF:1
BRH:0
end_of_record
TN:
SF:C:\Users\yt037\Desktop\kaikeba\projects\vue-study\src\kvuex.js
FN:4,(anonymous_0)
FN:16,(anonymous_1)
FN:20,(anonymous_2)
FN:27,(anonymous_3)
FN:30,(anonymous_4)
FN:34,(anonymous_5)
FN:42,install
FNF:7
FNH:0
FNDA:0,(anonymous_0)
FNDA:0,(anonymous_1)
FNDA:0,(anonymous_2)
FNDA:0,(anonymous_3)
FNDA:0,(anonymous_4)
FNDA:0,(anonymous_5)
FNDA:0,install
DA:4,0
DA:5,0
DA:9,0
DA:10,0
DA:12,0
DA:17,0
DA:21,0
DA:28,0
DA:30,0
DA:33,0
DA:35,0
DA:43,0
DA:45,0
DA:47,0
DA:48,0
LF:15
LH:0
BRDA:12,0,0,0
BRDA:12,0,1,0
BRDA:47,1,0,0
BRDA:47,1,1,0
BRF:4
BRH:0
end_of_record
TN:
SF:C:\Users\yt037\Desktop\kaikeba\projects\vue-study\src\main.js
FN:79,(anonymous_0)
FNF:1
FNH:0
FNDA:0,(anonymous_0)
DA:1,0
DA:2,0
DA:5,0
DA:8,0
DA:12,0
DA:14,0
DA:16,0
DA:18,0
DA:20,0
DA:76,0
DA:79,0
LF:11
LH:0
BRF:0
BRH:0
end_of_record
TN:
SF:C:\Users\yt037\Desktop\kaikeba\projects\vue-study\src\permission.js
FN:10,(anonymous_0)
FNF:1
FNH:0
FNDA:0,(anonymous_0)
DA:3,0
DA:4,0
DA:5,0
DA:6,0
DA:8,0
DA:10,0
DA:13,0
DA:16,0
DA:17,0
DA:19,0
DA:22,0
DA:23,0
DA:24,0
DA:26,0
DA:28,0
DA:31,0
DA:34,0
DA:37,0
DA:40,0
DA:41,0
DA:42,0
DA:48,0
DA:50,0
DA:53,0
LF:24
LH:0
BRDA:16,0,0,0
BRDA:16,0,1,0
BRDA:17,1,0,0
BRDA:17,1,1,0
BRDA:22,2,0,0
BRDA:22,2,1,0
BRDA:23,3,0,0
BRDA:23,3,1,0
BRDA:41,4,0,0
BRDA:41,4,1,0
BRDA:48,5,0,0
BRDA:48,5,1,0
BRF:12
BRH:0
end_of_record
TN:
SF:C:\Users\yt037\Desktop\kaikeba\projects\vue-study\src\api\user.js
FN:3,login
FN:11,getInfo
FNF:2
FNH:0
FNDA:0,login
FNDA:0,getInfo
DA:1,0
DA:4,0
DA:12,0
LF:3
LH:0
BRF:0
BRH:0
end_of_record
TN:
SF:C:\Users\yt037\Desktop\kaikeba\projects\vue-study\src\components\Breadcrumb.vue
FN:43,(anonymous_1)
FNF:1
FNH:0
FNDA:0,(anonymous_1)
DA:18,0
DA:22,0
DA:30,0
DA:38,0
DA:43,0
DA:48,0
DA:51,0
DA:52,0
DA:56,0
DA:59,0
DA:60,0
DA:61,0
DA:63,0
DA:67,0
DA:69,0
DA:70,0
DA:73,0
DA:75,0
DA:76,0
DA:77,0
DA:80,0
LF:21
LH:0
BRDA:43,0,0,0
BRDA:43,0,1,0
BRDA:43,0,2,0
BRDA:51,1,0,0
BRDA:51,1,1,0
BRDA:59,2,0,0
BRDA:59,2,1,0
BRDA:60,3,0,0
BRDA:60,3,1,0
BRDA:75,4,0,0
BRDA:75,4,1,0
BRF:11
BRH:0
end_of_record
TN:
SF:C:\Users\yt037\Desktop\kaikeba\projects\vue-study\src\components\Kaikeba.vue
FNF:0
FNH:0
DA:11,1
DA:16,0
DA:20,0
LF:3
LH:1
BRF:0
BRH:0
end_of_record
TN:
SF:C:\Users\yt037\Desktop\kaikeba\projects\vue-study\src\components\SvgIcon.vue
FNF:0
FNH:0
DA:22,0
DA:25,0
DA:26,0
DA:28,0
LF:4
LH:0
BRDA:25,0,0,0
BRDA:25,0,1,0
BRF:2
BRH:0
end_of_record
TN:
SF:C:\Users\yt037\Desktop\kaikeba\projects\vue-study\src\components\Sidebar\Item.vue
FNF:0
FNH:0
DA:16,0
DA:17,0
DA:20,0
DA:22,0
DA:25,0
DA:26,0
DA:28,0
LF:7
LH:0
BRDA:20,0,0,0
BRDA:20,0,1,0
BRDA:25,1,0,0
BRDA:25,1,1,0
BRF:4
BRH:0
end_of_record
TN:
SF:C:\Users\yt037\Desktop\kaikeba\projects\vue-study\src\components\Sidebar\SidebarItem.vue
FN:58,(anonymous_1)
FNF:1
FNH:0
FNDA:0,(anonymous_1)
DA:31,0
DA:32,0
DA:53,0
DA:54,0
DA:58,0
DA:59,0
DA:60,0
DA:63,0
DA:64,0
DA:69,0
DA:70,0
DA:74,0
DA:75,0
DA:76,0
DA:79,0
DA:82,0
LF:16
LH:0
BRDA:57,0,0,0
BRDA:59,1,0,0
BRDA:59,1,1,0
BRDA:69,2,0,0
BRDA:69,2,1,0
BRDA:74,3,0,0
BRDA:74,3,1,0
BRF:7
BRH:0
end_of_record
TN:
SF:C:\Users\yt037\Desktop\kaikeba\projects\vue-study\src\components\Sidebar\index.vue
FNF:0
FNH:0
DA:25,0
DA:26,0
DA:33,0
DA:34,0
DA:36,0
DA:37,0
DA:39,0
DA:42,0
LF:8
LH:0
BRDA:36,0,0,0
BRDA:36,0,1,0
BRF:2
BRH:0
end_of_record
TN:
SF:C:\Users\yt037\Desktop\kaikeba\projects\vue-study\src\components\communicate\Child1.vue
FN:35,(anonymous_1)
FN:38,(anonymous_2)
FNF:2
FNH:0
FNDA:0,(anonymous_1)
FNDA:0,(anonymous_2)
DA:13,0
DA:14,0
DA:21,0
DA:31,0
DA:35,0
DA:36,0
DA:38,0
DA:39,0
LF:8
LH:0
BRF:0
BRH:0
end_of_record
TN:
SF:C:\Users\yt037\Desktop\kaikeba\projects\vue-study\src\components\communicate\Child2.vue
FN:30,(anonymous_1)
FNF:1
FNH:0
FNDA:0,(anonymous_1)
DA:10,0
DA:16,0
DA:25,0
DA:30,0
DA:31,0
LF:5
LH:0
BRF:0
BRH:0
end_of_record
TN:
SF:C:\Users\yt037\Desktop\kaikeba\projects\vue-study\src\components\communicate\GrandChild1.vue
FN:19,(anonymous_1)
FN:22,(anonymous_2)
FN:25,(anonymous_3)
FNF:3
FNH:0
FNDA:0,(anonymous_1)
FNDA:0,(anonymous_2)
FNDA:0,(anonymous_3)
DA:13,0
DA:19,0
DA:20,0
DA:22,0
DA:23,0
DA:25,0
DA:26,0
LF:7
LH:0
BRF:0
BRH:0
end_of_record
TN:
SF:C:\Users\yt037\Desktop\kaikeba\projects\vue-study\src\components\communicate\GrandChild2.vue
FN:34,(anonymous_1)
FN:37,(anonymous_2)
FNF:2
FNH:0
FNDA:0,(anonymous_1)
FNDA:0,(anonymous_2)
DA:15,0
DA:23,0
DA:29,0
DA:34,0
DA:35,0
DA:37,0
DA:38,0
LF:7
LH:0
BRF:0
BRH:0
end_of_record
TN:
SF:C:\Users\yt037\Desktop\kaikeba\projects\vue-study\src\components\communicate\GrandGrandChild1.vue
FN:20,(anonymous_1)
FN:23,(anonymous_2)
FNF:2
FNH:0
FNDA:0,(anonymous_1)
FNDA:0,(anonymous_2)
DA:15,0
DA:20,0
DA:21,0
DA:23,0
DA:24,0
LF:5
LH:0
BRF:0
BRH:0
end_of_record
TN:
SF:C:\Users\yt037\Desktop\kaikeba\projects\vue-study\src\components\communicate\index.vue
FN:31,(anonymous_1)
FN:34,(anonymous_2)
FNF:2
FNH:0
FNDA:0,(anonymous_1)
FNDA:0,(anonymous_2)
DA:11,0
DA:12,0
DA:19,0
DA:26,0
DA:31,0
DA:32,0
DA:34,0
DA:35,0
LF:8
LH:0
BRF:0
BRH:0
end_of_record
TN:
SF:C:\Users\yt037\Desktop\kaikeba\projects\vue-study\src\components\form\Form.vue
FN:25,(anonymous_1)
FN:30,(anonymous_3)
FNF:2
FNH:0
FNDA:0,(anonymous_1)
FNDA:0,(anonymous_3)
DA:10,0
DA:25,0
DA:30,0
LF:3
LH:0
BRF:0
BRH:0
end_of_record
TN:
SF:C:\Users\yt037\Desktop\kaikeba\projects\vue-study\src\components\form\FormItem.vue
FN:28,(anonymous_1)
FN:41,(anonymous_2)
FNF:2
FNH:0
FNDA:0,(anonymous_1)
FNDA:0,(anonymous_2)
DA:10,0
DA:23,0
DA:28,0
DA:29,0
DA:35,0
DA:36,0
DA:38,0
DA:39,0
DA:41,0
DA:42,0
DA:43,0
DA:45,0
LF:12
LH:0
BRDA:42,0,0,0
BRDA:42,0,1,0
BRF:2
BRH:0
end_of_record
TN:
SF:C:\Users\yt037\Desktop\kaikeba\projects\vue-study\src\components\form\Input.vue
FNF:0
FNH:0
DA:18,0
DA:20,0
LF:2
LH:0
BRF:0
BRH:0
end_of_record
TN:
SF:C:\Users\yt037\Desktop\kaikeba\projects\vue-study\src\components\form\index.vue
FN:44,(anonymous_1)
FNF:1
FNH:0
FNDA:0,(anonymous_1)
DA:21,0
DA:22,0
DA:23,0
DA:25,0
DA:34,0
DA:44,0
DA:45,0
DA:50,0
LF:8
LH:0
BRDA:47,0,0,0
BRDA:47,0,1,0
BRF:2
BRH:0
end_of_record
TN:
SF:C:\Users\yt037\Desktop\kaikeba\projects\vue-study\src\components\notice\KNotice.vue
FNF:0
FNH:0
DA:25,0
DA:31,0
DA:32,0
DA:35,0
DA:36,0
LF:5
LH:0
BRF:0
BRH:0
end_of_record
TN:
SF:C:\Users\yt037\Desktop\kaikeba\projects\vue-study\src\components\recursion\index.vue
FNF:0
FNH:0
DA:8,0
DA:12,0
LF:2
LH:0
BRF:0
BRH:0
end_of_record
TN:
SF:C:\Users\yt037\Desktop\kaikeba\projects\vue-study\src\components\slots\Comp3.vue
FNF:0
FNH:0
DA:14,0
LF:1
LH:0
BRF:0
BRH:0
end_of_record
TN:
SF:C:\Users\yt037\Desktop\kaikeba\projects\vue-study\src\components\slots\index.vue
FNF:0
FNH:0
DA:20,0
DA:21,0
DA:22,0
LF:3
LH:0
BRF:0
BRH:0
end_of_record
TN:
SF:C:\Users\yt037\Desktop\kaikeba\projects\vue-study\src\components\tree\Item.vue
FNF:0
FNH:0
DA:23,0
DA:29,0
DA:34,0
DA:35,0
LF:4
LH:0
BRDA:29,0,0,0
BRDA:29,0,1,0
BRDA:34,1,0,0
BRDA:34,1,1,0
BRF:4
BRH:0
end_of_record
TN:
SF:C:\Users\yt037\Desktop\kaikeba\projects\vue-study\src\components\tree\index.vue
FNF:0
FNH:0
DA:10,0
DA:14,0
LF:2
LH:0
BRF:0
BRH:0
end_of_record
TN:
SF:C:\Users\yt037\Desktop\kaikeba\projects\vue-study\src\components\vuex\index.vue
FNF:0
FNH:0
DA:15,0
DA:18,0
LF:2
LH:0
BRF:0
BRH:0
end_of_record
TN:
SF:C:\Users\yt037\Desktop\kaikeba\projects\vue-study\src\directive\permission.js
FN:16,(anonymous_0)
FNF:1
FNH:0
FNDA:0,(anonymous_0)
DA:1,0
DA:3,0
DA:10,0
DA:12,0
DA:14,0
DA:16,0
DA:17,0
DA:21,0
DA:22,0
DA:25,0
LF:10
LH:0
BRDA:12,0,0,0
BRDA:12,0,1,0
BRDA:14,1,0,0
BRDA:14,1,1,0
BRDA:14,2,0,0
BRDA:14,2,1,0
BRDA:14,2,2,0
BRDA:21,3,0,0
BRDA:21,3,1,0
BRDA:22,4,0,0
BRDA:22,4,1,0
BRF:11
BRH:0
end_of_record
TN:
SF:C:\Users\yt037\Desktop\kaikeba\projects\vue-study\src\icons\index.js
FNF:0
FNH:0
DA:1,0
DA:2,0
DA:8,0
DA:10,0
LF:4
LH:0
BRF:0
BRH:0
end_of_record
TN:
SF:C:\Users\yt037\Desktop\kaikeba\projects\vue-study\src\kvue\compile.js
FN:4,(anonymous_0)
FN:23,(anonymous_1)
FN:34,(anonymous_2)
FN:37,(anonymous_3)
FN:55,(anonymous_4)
FN:59,(anonymous_5)
FN:64,(anonymous_6)
FN:67,(anonymous_7)
FN:84,(anonymous_8)
FN:89,(anonymous_9)
FN:93,(anonymous_10)
FN:98,(anonymous_11)
FN:102,(anonymous_12)
FN:105,(anonymous_13)
FN:109,(anonymous_14)
FN:118,(anonymous_15)
FN:129,(anonymous_16)
FN:139,(anonymous_17)
FN:144,(anonymous_18)
FNF:19
FNH:0
FNDA:0,(anonymous_0)
FNDA:0,(anonymous_1)
FNDA:0,(anonymous_2)
FNDA:0,(anonymous_3)
FNDA:0,(anonymous_4)
FNDA:0,(anonymous_5)
FNDA:0,(anonymous_6)
FNDA:0,(anonymous_7)
FNDA:0,(anonymous_8)
FNDA:0,(anonymous_9)
FNDA:0,(anonymous_10)
FNDA:0,(anonymous_11)
FNDA:0,(anonymous_12)
FNDA:0,(anonymous_13)
FNDA:0,(anonymous_14)
FNDA:0,(anonymous_15)
FNDA:0,(anonymous_16)
FNDA:0,(anonymous_17)
FNDA:0,(anonymous_18)
DA:5,0
DA:6,0
DA:8,0
DA:10,0
DA:14,0
DA:18,0
DA:24,0
DA:26,0
DA:28,0
DA:30,0
DA:36,0
DA:37,0
DA:38,0
DA:42,0
DA:43,0
DA:45,0
DA:49,0
DA:50,0
DA:56,0
DA:61,0
DA:66,0
DA:67,0
DA:69,0
DA:70,0
DA:72,0
DA:73,0
DA:75,0
DA:76,0
DA:78,0
DA:79,0
DA:85,0
DA:91,0
DA:93,0
DA:94,0
DA:99,0
DA:103,0
DA:106,0
DA:111,0
DA:112,0
DA:113,0
DA:123,0
DA:124,0
DA:130,0
DA:131,0
DA:139,0
DA:140,0
DA:145,0
LF:47
LH:0
BRDA:8,0,0,0
BRDA:8,0,1,0
BRDA:38,1,0,0
BRDA:38,1,1,0
BRDA:43,2,0,0
BRDA:43,2,1,0
BRDA:49,3,0,0
BRDA:49,3,1,0
BRDA:49,4,0,0
BRDA:49,4,1,0
BRDA:61,5,0,0
BRDA:61,5,1,0
BRDA:72,6,0,0
BRDA:72,6,1,0
BRDA:75,7,0,0
BRDA:75,7,1,0
BRDA:76,8,0,0
BRDA:76,8,1,0
BRDA:111,9,0,0
BRDA:111,9,1,0
BRDA:112,10,0,0
BRDA:112,10,1,0
BRDA:112,11,0,0
BRDA:112,11,1,0
BRDA:131,12,0,0
BRDA:131,12,1,0
BRDA:140,13,0,0
BRDA:140,13,1,0
BRF:28
BRH:0
end_of_record
TN:
SF:C:\Users\yt037\Desktop\kaikeba\projects\vue-study\src\kvue\kvue.js
FN:8,(anonymous_0)
FN:28,(anonymous_1)
FN:34,(anonymous_2)
FN:42,(anonymous_3)
FN:53,(anonymous_4)
FN:79,(anonymous_5)
FN:83,(anonymous_6)
FN:87,(anonymous_7)
FN:88,(anonymous_8)
FN:94,(anonymous_9)
FN:105,(anonymous_10)
FNF:11
FNH:0
FNDA:0,(anonymous_0)
FNDA:0,(anonymous_1)
FNDA:0,(anonymous_2)
FNDA:0,(anonymous_3)
FNDA:0,(anonymous_4)
FNDA:0,(anonymous_5)
FNDA:0,(anonymous_6)
FNDA:0,(anonymous_7)
FNDA:0,(anonymous_8)
FNDA:0,(anonymous_9)
FNDA:0,(anonymous_10)
DA:9,0
DA:11,0
DA:13,0
DA:20,0
DA:22,0
DA:23,0
DA:29,0
DA:30,0
DA:34,0
DA:36,0
DA:37,0
DA:43,0
DA:45,0
DA:48,0
DA:55,0
DA:58,0
DA:61,0
DA:64,0
DA:65,0
DA:68,0
DA:69,0
DA:70,0
DA:80,0
DA:84,0
DA:88,0
DA:95,0
DA:96,0
DA:97,0
DA:100,0
DA:101,0
DA:102,0
DA:106,0
LF:32
LH:0
BRDA:22,0,0,0
BRDA:22,0,1,0
BRDA:29,1,0,0
BRDA:29,1,1,0
BRDA:29,2,0,0
BRDA:29,2,1,0
BRDA:64,3,0,0
BRDA:64,3,1,0
BRDA:68,4,0,0
BRDA:68,4,1,0
BRF:10
BRH:0
end_of_record
TN:
SF:C:\Users\yt037\Desktop\kaikeba\projects\vue-study\src\layout\index.vue
FNF:0
FNH:0
DA:11,0
DA:12,0
LF:2
LH:0
BRF:0
BRH:0
end_of_record
TN:
SF:C:\Users\yt037\Desktop\kaikeba\projects\vue-study\src\plugins\element.js
FNF:0
FNH:0
DA:1,0
DA:2,0
DA:3,0
DA:5,0
LF:4
LH:0
BRF:0
BRH:0
end_of_record
TN:
SF:C:\Users\yt037\Desktop\kaikeba\projects\vue-study\src\router\index.js
FN:11,(anonymous_0)
FN:22,(anonymous_2)
FN:32,(anonymous_4)
FN:54,(anonymous_6)
FN:65,(anonymous_8)
FNF:5
FNH:0
FNDA:0,(anonymous_0)
FNDA:0,(anonymous_2)
FNDA:0,(anonymous_4)
FNDA:0,(anonymous_6)
FNDA:0,(anonymous_8)
DA:1,0
DA:2,0
DA:3,0
DA:8,0
DA:11,0
DA:22,0
DA:32,0
DA:45,0
DA:54,0
DA:65,0
LF:10
LH:0
BRF:0
BRH:0
end_of_record
TN:
SF:C:\Users\yt037\Desktop\kaikeba\projects\vue-study\src\router\router.js
FN:34,(anonymous_0)
FN:41,(anonymous_2)
FNF:2
FNH:0
FNDA:0,(anonymous_0)
FNDA:0,(anonymous_2)
DA:1,0
DA:2,0
DA:3,0
DA:4,0
DA:5,0
DA:7,0
DA:9,0
DA:34,0
DA:38,0
DA:41,0
DA:43,0
DA:45,0
DA:46,0
DA:47,0
DA:50,0
DA:53,0
LF:16
LH:0
BRDA:43,0,0,0
BRDA:43,0,1,0
BRDA:43,1,0,0
BRDA:43,1,1,0
BRDA:45,2,0,0
BRDA:45,2,1,0
BRF:6
BRH:0
end_of_record
TN:
SF:C:\Users\yt037\Desktop\kaikeba\projects\vue-study\src\server\index.js
FN:12,(anonymous_0)
FN:29,(anonymous_1)
FNF:2
FNH:0
FNDA:0,(anonymous_0)
FNDA:0,(anonymous_1)
DA:1,0
DA:2,0
DA:3,0
DA:5,0
DA:6,0
DA:12,0
DA:13,0
DA:14,0
DA:16,0
DA:17,0
DA:22,0
DA:29,0
DA:30,0
DA:32,0
DA:33,0
DA:39,0
LF:16
LH:0
BRDA:16,0,0,0
BRDA:16,0,1,0
BRDA:16,1,0,0
BRDA:16,1,1,0
BRDA:32,2,0,0
BRDA:32,2,1,0
BRF:6
BRH:0
end_of_record
TN:
SF:C:\Users\yt037\Desktop\kaikeba\projects\vue-study\src\store\index.js
FN:12,(anonymous_0)
FN:13,(anonymous_1)
FN:14,(anonymous_2)
FNF:3
FNH:0
FNDA:0,(anonymous_0)
FNDA:0,(anonymous_1)
FNDA:0,(anonymous_2)
DA:1,0
DA:2,0
DA:3,0
DA:4,0
DA:6,0
DA:8,0
DA:12,0
DA:13,0
DA:14,0
LF:9
LH:0
BRF:0
BRH:0
end_of_record
TN:
SF:C:\Users\yt037\Desktop\kaikeba\projects\vue-study\src\store\store.js
FN:20,(anonymous_0)
FNF:1
FNH:0
FNDA:0,(anonymous_0)
DA:1,0
DA:2,0
DA:4,0
DA:10,0
DA:15,0
DA:20,0
DA:21,0
LF:7
LH:0
BRDA:9,0,0,0
BRF:1
BRH:0
end_of_record
TN:
SF:C:\Users\yt037\Desktop\kaikeba\projects\vue-study\src\store\modules\permission.js
FN:8,hasPermission
FN:12,(anonymous_1)
FN:24,filterAsyncRoutes
FN:27,(anonymous_3)
FN:49,(anonymous_4)
FN:60,(anonymous_5)
FNF:6
FNH:0
FNDA:0,hasPermission
FNDA:0,(anonymous_1)
FNDA:0,filterAsyncRoutes
FNDA:0,(anonymous_3)
FNDA:0,(anonymous_4)
FNDA:0,(anonymous_5)
DA:1,0
DA:10,0
DA:12,0
DA:15,0
DA:25,0
DA:27,0
DA:29,0
DA:31,0
DA:33,0
DA:34,0
DA:36,0
DA:40,0
DA:43,0
DA:48,0
DA:51,0
DA:53,0
DA:57,0
DA:60,0
DA:63,0
DA:64,0
DA:67,0
DA:69,0
DA:70,0
LF:23
LH:0
BRDA:10,0,0,0
BRDA:10,0,1,0
BRDA:10,1,0,0
BRDA:10,1,1,0
BRDA:31,2,0,0
BRDA:31,2,1,0
BRDA:33,3,0,0
BRDA:33,3,1,0
BRDA:63,4,0,0
BRDA:63,4,1,0
BRDA:64,5,0,0
BRDA:64,5,1,0
BRF:12
BRH:0
end_of_record
TN:
SF:C:\Users\yt037\Desktop\kaikeba\projects\vue-study\src\store\modules\user.js
FN:12,(anonymous_0)
FN:15,(anonymous_1)
FN:24,(anonymous_2)
FN:46,(anonymous_3)
FN:61,(anonymous_4)
FNF:5
FNH:0
FNDA:0,(anonymous_0)
FNDA:0,(anonymous_1)
FNDA:0,(anonymous_2)
FNDA:0,(anonymous_3)
FNDA:0,(anonymous_4)
DA:1,0
DA:2,0
DA:5,0
DA:11,0
DA:13,0
DA:16,0
DA:20,0
DA:24,0
DA:25,0
DA:26,0
DA:46,0
DA:47,0
DA:48,0
DA:61,0
DA:62,0
DA:63,0
DA:64,0
DA:65,0
LF:18
LH:0
BRF:0
BRH:0
end_of_record
TN:
SF:C:\Users\yt037\Desktop\kaikeba\projects\vue-study\src\utils\auth.js
FN:5,getToken
FN:9,setToken
FN:13,removeToken
FNF:3
FNH:0
FNDA:0,getToken
FNDA:0,setToken
FNDA:0,removeToken
DA:1,0
DA:3,0
DA:6,0
DA:10,0
DA:14,0
LF:5
LH:0
BRF:0
BRH:0
end_of_record
TN:
SF:C:\Users\yt037\Desktop\kaikeba\projects\vue-study\src\utils\create.js
FN:3,create
FN:17,(anonymous_1)
FNF:2
FNH:0
FNDA:0,create
FNDA:0,(anonymous_1)
DA:1,0
DA:5,0
DA:8,0
DA:13,0
DA:16,0
DA:17,0
DA:18,0
DA:19,0
DA:21,0
LF:9
LH:0
BRF:0
BRH:0
end_of_record
TN:
SF:C:\Users\yt037\Desktop\kaikeba\projects\vue-study\src\utils\request.js
FN:15,(anonymous_0)
FN:24,(anonymous_1)
FN:34,(anonymous_2)
FN:57,(anonymous_3)
FN:58,(anonymous_4)
FN:68,(anonymous_5)
FNF:6
FNH:0
FNDA:0,(anonymous_0)
FNDA:0,(anonymous_1)
FNDA:0,(anonymous_2)
FNDA:0,(anonymous_3)
FNDA:0,(anonymous_4)
FNDA:0,(anonymous_5)
DA:1,0
DA:2,0
DA:3,0
DA:4,0
DA:7,0
DA:18,0
DA:20,0
DA:22,0
DA:27,0
DA:32,0
DA:36,0
DA:39,0
DA:40,0
DA:47,0
DA:49,0
DA:58,0
DA:59,0
DA:63,0
DA:65,0
DA:70,0
DA:75,0
LF:21
LH:0
BRDA:18,0,0,0
BRDA:18,0,1,0
BRDA:39,1,0,0
BRDA:39,1,1,0
BRDA:41,2,0,0
BRDA:41,2,1,0
BRDA:47,3,0,0
BRDA:47,3,1,0
BRDA:47,4,0,0
BRDA:47,4,1,0
BRDA:47,4,2,0
BRDA:63,5,0,0
BRDA:63,5,1,0
BRF:13
BRH:0
end_of_record
TN:
SF:C:\Users\yt037\Desktop\kaikeba\projects\vue-study\src\views\Home.vue
FNF:0
FNH:0
DA:13,0
DA:14,0
LF:2
LH:0
BRF:0
BRH:0
end_of_record
TN:
SF:C:\Users\yt037\Desktop\kaikeba\projects\vue-study\src\views\Login.vue
FN:21,(anonymous_1)
FN:27,(anonymous_2)
FNF:2
FNH:0
FNDA:0,(anonymous_1)
FNDA:0,(anonymous_2)
DA:13,0
DA:20,0
DA:24,0
DA:29,0
LF:4
LH:0
BRDA:25,0,0,0
BRDA:25,0,1,0
BRF:2
BRH:0
end_of_record
